[10-Feb-2017 11:29:27 Europe/Paris] PHP Parse error:  syntax error, unexpected 'public' (T_PUBLIC) in /home/UNIV-LYON1/p1505963/public_html/S3/PHP/index.php on line 10
[10-Feb-2017 11:30:05 Europe/Paris] PHP Parse error:  syntax error, unexpected 'public' (T_PUBLIC) in /home/UNIV-LYON1/p1505963/public_html/S3/PHP/index.php on line 10
[10-Feb-2017 11:30:06 Europe/Paris] PHP Parse error:  syntax error, unexpected 'public' (T_PUBLIC) in /home/UNIV-LYON1/p1505963/public_html/S3/PHP/index.php on line 10
[10-Feb-2017 11:30:12 Europe/Paris] PHP Parse error:  syntax error, unexpected '{' in /home/UNIV-LYON1/p1505963/public_html/S3/PHP/index.php on line 13
[10-Feb-2017 11:30:13 Europe/Paris] PHP Parse error:  syntax error, unexpected '{' in /home/UNIV-LYON1/p1505963/public_html/S3/PHP/index.php on line 13
[10-Feb-2017 11:30:13 Europe/Paris] PHP Parse error:  syntax error, unexpected '{' in /home/UNIV-LYON1/p1505963/public_html/S3/PHP/index.php on line 13
[10-Feb-2017 11:30:13 Europe/Paris] PHP Parse error:  syntax error, unexpected '{' in /home/UNIV-LYON1/p1505963/public_html/S3/PHP/index.php on line 13
[10-Feb-2017 11:37:26 Europe/Paris] PHP Parse error:  syntax error, unexpected '{' in /home/UNIV-LYON1/p1505963/public_html/S3/PHP/index.php on line 13
[17-Feb-2017 08:11:47 Europe/Paris] PHP Parse error:  syntax error, unexpected '{' in /home/UNIV-LYON1/p1505963/public_html/S3/PHP/index.php on line 13
[17-Feb-2017 08:45:57 Europe/Paris] PHP Parse error:  syntax error, unexpected '{' in /home/UNIV-LYON1/p1505963/public_html/S3/PHP/index.php on line 13
[17-Feb-2017 08:52:15 Europe/Paris] PHP Parse error:  syntax error, unexpected '{' in /home/UNIV-LYON1/p1505963/public_html/S3/PHP/index.php on line 13
[17-Feb-2017 08:52:16 Europe/Paris] PHP Parse error:  syntax error, unexpected '{' in /home/UNIV-LYON1/p1505963/public_html/S3/PHP/index.php on line 13
[17-Feb-2017 08:53:54 Europe/Paris] PHP Parse error:  syntax error, unexpected '{' in /home/UNIV-LYON1/p1505963/public_html/S3/PHP/index.php on line 14
[17-Feb-2017 08:55:20 Europe/Paris] PHP Parse error:  syntax error, unexpected '{' in /home/UNIV-LYON1/p1505963/public_html/S3/PHP/index.php on line 15
[17-Feb-2017 08:58:03 Europe/Paris] PHP Parse error:  syntax error, unexpected '{' in /home/UNIV-LYON1/p1505963/public_html/S3/PHP/index.php on line 15
[17-Feb-2017 08:59:22 Europe/Paris] PHP Warning:  require_once(Defines/strucure.php): failed to open stream: No such file or directory in /home/UNIV-LYON1/p1505963/public_html/S3/PHP/index.php on line 3
[17-Feb-2017 08:59:22 Europe/Paris] PHP Fatal error:  require_once(): Failed opening required 'Defines/strucure.php' (include_path='.:/usr/share/php:/usr/share/pear') in /home/UNIV-LYON1/p1505963/public_html/S3/PHP/index.php on line 3
[17-Feb-2017 08:59:23 Europe/Paris] PHP Warning:  require_once(Defines/strucure.php): failed to open stream: No such file or directory in /home/UNIV-LYON1/p1505963/public_html/S3/PHP/index.php on line 3
[17-Feb-2017 08:59:23 Europe/Paris] PHP Fatal error:  require_once(): Failed opening required 'Defines/strucure.php' (include_path='.:/usr/share/php:/usr/share/pear') in /home/UNIV-LYON1/p1505963/public_html/S3/PHP/index.php on line 3
[17-Feb-2017 08:59:53 Europe/Paris] PHP Notice:  Use of undefined constant PATH_LANGUES - assumed 'PATH_LANGUES' in /home/UNIV-LYON1/p1505963/public_html/S3/PHP/index.php on line 4
[17-Feb-2017 08:59:53 Europe/Paris] PHP Notice:  Use of undefined constant PATH_FR - assumed 'PATH_FR' in /home/UNIV-LYON1/p1505963/public_html/S3/PHP/index.php on line 4
[17-Feb-2017 08:59:53 Europe/Paris] PHP Warning:  require_once(PATH_LANGUESPATH_FRtextes.php): failed to open stream: No such file or directory in /home/UNIV-LYON1/p1505963/public_html/S3/PHP/index.php on line 4
[17-Feb-2017 08:59:53 Europe/Paris] PHP Fatal error:  require_once(): Failed opening required 'PATH_LANGUESPATH_FRtextes.php' (include_path='.:/usr/share/php:/usr/share/pear') in /home/UNIV-LYON1/p1505963/public_html/S3/PHP/index.php on line 4
[17-Feb-2017 09:01:42 Europe/Paris] PHP Notice:  Use of undefined constant PATH_LANGUES - assumed 'PATH_LANGUES' in /home/UNIV-LYON1/p1505963/public_html/S3/PHP/index.php on line 4
[17-Feb-2017 09:01:42 Europe/Paris] PHP Notice:  Use of undefined constant PATH_FR - assumed 'PATH_FR' in /home/UNIV-LYON1/p1505963/public_html/S3/PHP/index.php on line 4
[17-Feb-2017 09:01:42 Europe/Paris] PHP Warning:  require_once(PATH_LANGUESPATH_FRtextes.php): failed to open stream: No such file or directory in /home/UNIV-LYON1/p1505963/public_html/S3/PHP/index.php on line 4
[17-Feb-2017 09:01:42 Europe/Paris] PHP Fatal error:  require_once(): Failed opening required 'PATH_LANGUESPATH_FRtextes.php' (include_path='.:/usr/share/php:/usr/share/pear') in /home/UNIV-LYON1/p1505963/public_html/S3/PHP/index.php on line 4
[17-Feb-2017 09:01:43 Europe/Paris] PHP Notice:  Use of undefined constant PATH_LANGUES - assumed 'PATH_LANGUES' in /home/UNIV-LYON1/p1505963/public_html/S3/PHP/index.php on line 4
[17-Feb-2017 09:01:43 Europe/Paris] PHP Notice:  Use of undefined constant PATH_FR - assumed 'PATH_FR' in /home/UNIV-LYON1/p1505963/public_html/S3/PHP/index.php on line 4
[17-Feb-2017 09:01:43 Europe/Paris] PHP Warning:  require_once(PATH_LANGUESPATH_FRtextes.php): failed to open stream: No such file or directory in /home/UNIV-LYON1/p1505963/public_html/S3/PHP/index.php on line 4
[17-Feb-2017 09:01:43 Europe/Paris] PHP Fatal error:  require_once(): Failed opening required 'PATH_LANGUESPATH_FRtextes.php' (include_path='.:/usr/share/php:/usr/share/pear') in /home/UNIV-LYON1/p1505963/public_html/S3/PHP/index.php on line 4
[17-Feb-2017 09:01:43 Europe/Paris] PHP Notice:  Use of undefined constant PATH_LANGUES - assumed 'PATH_LANGUES' in /home/UNIV-LYON1/p1505963/public_html/S3/PHP/index.php on line 4
[17-Feb-2017 09:01:43 Europe/Paris] PHP Notice:  Use of undefined constant PATH_FR - assumed 'PATH_FR' in /home/UNIV-LYON1/p1505963/public_html/S3/PHP/index.php on line 4
[17-Feb-2017 09:01:43 Europe/Paris] PHP Warning:  require_once(PATH_LANGUESPATH_FRtextes.php): failed to open stream: No such file or directory in /home/UNIV-LYON1/p1505963/public_html/S3/PHP/index.php on line 4
[17-Feb-2017 09:01:43 Europe/Paris] PHP Fatal error:  require_once(): Failed opening required 'PATH_LANGUESPATH_FRtextes.php' (include_path='.:/usr/share/php:/usr/share/pear') in /home/UNIV-LYON1/p1505963/public_html/S3/PHP/index.php on line 4
[17-Feb-2017 09:01:54 Europe/Paris] PHP Notice:  Use of undefined constant PATH_LANGUES - assumed 'PATH_LANGUES' in /home/UNIV-LYON1/p1505963/public_html/S3/PHP/index.php on line 4
[17-Feb-2017 09:01:54 Europe/Paris] PHP Notice:  Use of undefined constant PATH_FR - assumed 'PATH_FR' in /home/UNIV-LYON1/p1505963/public_html/S3/PHP/index.php on line 4
[17-Feb-2017 09:01:54 Europe/Paris] PHP Warning:  require_once(PATH_LANGUESPATH_FRtextes.php): failed to open stream: No such file or directory in /home/UNIV-LYON1/p1505963/public_html/S3/PHP/index.php on line 4
[17-Feb-2017 09:01:54 Europe/Paris] PHP Fatal error:  require_once(): Failed opening required 'PATH_LANGUESPATH_FRtextes.php' (include_path='.:/usr/share/php:/usr/share/pear') in /home/UNIV-LYON1/p1505963/public_html/S3/PHP/index.php on line 4
[17-Feb-2017 09:02:03 Europe/Paris] PHP Parse error:  syntax error, unexpected ''textes.php'' (T_CONSTANT_ENCAPSED_STRING) in /home/UNIV-LYON1/p1505963/public_html/S3/PHP/index.php on line 4
[17-Feb-2017 09:02:11 Europe/Paris] PHP Parse error:  syntax error, unexpected ''textes.php'' (T_CONSTANT_ENCAPSED_STRING) in /home/UNIV-LYON1/p1505963/public_html/S3/PHP/index.php on line 4
[17-Feb-2017 09:02:11 Europe/Paris] PHP Parse error:  syntax error, unexpected ''textes.php'' (T_CONSTANT_ENCAPSED_STRING) in /home/UNIV-LYON1/p1505963/public_html/S3/PHP/index.php on line 4
[17-Feb-2017 09:02:11 Europe/Paris] PHP Parse error:  syntax error, unexpected ''textes.php'' (T_CONSTANT_ENCAPSED_STRING) in /home/UNIV-LYON1/p1505963/public_html/S3/PHP/index.php on line 4
[17-Feb-2017 09:02:38 Europe/Paris] PHP Parse error:  syntax error, unexpected ''textes.php'' (T_CONSTANT_ENCAPSED_STRING) in /home/UNIV-LYON1/p1505963/public_html/S3/PHP/index.php on line 4
[17-Feb-2017 09:03:35 Europe/Paris] PHP Parse error:  syntax error, unexpected ''textes.php'' (T_CONSTANT_ENCAPSED_STRING) in /home/UNIV-LYON1/p1505963/public_html/S3/PHP/index.php on line 4
[17-Feb-2017 09:03:36 Europe/Paris] PHP Parse error:  syntax error, unexpected ''textes.php'' (T_CONSTANT_ENCAPSED_STRING) in /home/UNIV-LYON1/p1505963/public_html/S3/PHP/index.php on line 4
[17-Feb-2017 09:03:36 Europe/Paris] PHP Parse error:  syntax error, unexpected ''textes.php'' (T_CONSTANT_ENCAPSED_STRING) in /home/UNIV-LYON1/p1505963/public_html/S3/PHP/index.php on line 4
[17-Feb-2017 09:04:23 Europe/Paris] PHP Parse error:  syntax error, unexpected ''textes.php'' (T_CONSTANT_ENCAPSED_STRING) in /home/UNIV-LYON1/p1505963/public_html/S3/PHP/index.php on line 4
[17-Feb-2017 09:05:27 Europe/Paris] PHP Parse error:  syntax error, unexpected ''textes.php'' (T_CONSTANT_ENCAPSED_STRING) in /home/UNIV-LYON1/p1505963/public_html/S3/PHP/index.php on line 4
[17-Feb-2017 09:06:09 Europe/Paris] PHP Parse error:  syntax error, unexpected ''textes.php'' (T_CONSTANT_ENCAPSED_STRING) in /home/UNIV-LYON1/p1505963/public_html/S3/PHP/index.php on line 4
[17-Feb-2017 09:06:10 Europe/Paris] PHP Parse error:  syntax error, unexpected ''textes.php'' (T_CONSTANT_ENCAPSED_STRING) in /home/UNIV-LYON1/p1505963/public_html/S3/PHP/index.php on line 4
[17-Feb-2017 09:07:14 Europe/Paris] PHP Parse error:  syntax error, unexpected '}' in /home/UNIV-LYON1/p1505963/public_html/S3/PHP/index.php on line 22
[17-Feb-2017 09:07:50 Europe/Paris] PHP Parse error:  syntax error, unexpected '{' in /home/UNIV-LYON1/p1505963/public_html/S3/PHP/index.php on line 22
[17-Feb-2017 09:07:50 Europe/Paris] PHP Parse error:  syntax error, unexpected '{' in /home/UNIV-LYON1/p1505963/public_html/S3/PHP/index.php on line 22
[17-Feb-2017 09:07:51 Europe/Paris] PHP Parse error:  syntax error, unexpected '{' in /home/UNIV-LYON1/p1505963/public_html/S3/PHP/index.php on line 22
[17-Feb-2017 09:07:51 Europe/Paris] PHP Parse error:  syntax error, unexpected '{' in /home/UNIV-LYON1/p1505963/public_html/S3/PHP/index.php on line 22
[17-Feb-2017 09:08:03 Europe/Paris] PHP Parse error:  syntax error, unexpected '{' in /home/UNIV-LYON1/p1505963/public_html/S3/PHP/index.php on line 22
[17-Feb-2017 09:08:04 Europe/Paris] PHP Parse error:  syntax error, unexpected '{' in /home/UNIV-LYON1/p1505963/public_html/S3/PHP/index.php on line 22
[17-Feb-2017 09:08:04 Europe/Paris] PHP Parse error:  syntax error, unexpected '{' in /home/UNIV-LYON1/p1505963/public_html/S3/PHP/index.php on line 22
[17-Feb-2017 09:08:06 Europe/Paris] PHP Parse error:  syntax error, unexpected '{' in /home/UNIV-LYON1/p1505963/public_html/S3/PHP/index.php on line 22
[17-Feb-2017 09:08:07 Europe/Paris] PHP Parse error:  syntax error, unexpected '{' in /home/UNIV-LYON1/p1505963/public_html/S3/PHP/index.php on line 22
[17-Feb-2017 09:08:46 Europe/Paris] PHP Parse error:  syntax error, unexpected '.' in /home/UNIV-LYON1/p1505963/public_html/S3/PHP/index.php on line 22
[17-Feb-2017 09:08:47 Europe/Paris] PHP Parse error:  syntax error, unexpected '.' in /home/UNIV-LYON1/p1505963/public_html/S3/PHP/index.php on line 22
[17-Feb-2017 09:08:47 Europe/Paris] PHP Parse error:  syntax error, unexpected '.' in /home/UNIV-LYON1/p1505963/public_html/S3/PHP/index.php on line 22
[17-Feb-2017 09:08:58 Europe/Paris] PHP Parse error:  syntax error, unexpected ')' in /home/UNIV-LYON1/p1505963/public_html/S3/PHP/index.php on line 22
[17-Feb-2017 09:08:59 Europe/Paris] PHP Parse error:  syntax error, unexpected ')' in /home/UNIV-LYON1/p1505963/public_html/S3/PHP/index.php on line 22
[17-Feb-2017 09:09:14 Europe/Paris] PHP Notice:  Use of undefined constant PATH_LANGUES - assumed 'PATH_LANGUES' in /home/UNIV-LYON1/p1505963/public_html/S3/PHP/index.php on line 4
[17-Feb-2017 09:09:14 Europe/Paris] PHP Warning:  require_once(PATH_LANGUEStextes.php): failed to open stream: No such file or directory in /home/UNIV-LYON1/p1505963/public_html/S3/PHP/index.php on line 4
[17-Feb-2017 09:09:14 Europe/Paris] PHP Fatal error:  require_once(): Failed opening required 'PATH_LANGUEStextes.php' (include_path='.:/usr/share/php:/usr/share/pear') in /home/UNIV-LYON1/p1505963/public_html/S3/PHP/index.php on line 4
[17-Feb-2017 09:09:15 Europe/Paris] PHP Notice:  Use of undefined constant PATH_LANGUES - assumed 'PATH_LANGUES' in /home/UNIV-LYON1/p1505963/public_html/S3/PHP/index.php on line 4
[17-Feb-2017 09:09:15 Europe/Paris] PHP Warning:  require_once(PATH_LANGUEStextes.php): failed to open stream: No such file or directory in /home/UNIV-LYON1/p1505963/public_html/S3/PHP/index.php on line 4
[17-Feb-2017 09:09:15 Europe/Paris] PHP Fatal error:  require_once(): Failed opening required 'PATH_LANGUEStextes.php' (include_path='.:/usr/share/php:/usr/share/pear') in /home/UNIV-LYON1/p1505963/public_html/S3/PHP/index.php on line 4
[17-Feb-2017 09:09:15 Europe/Paris] PHP Notice:  Use of undefined constant PATH_LANGUES - assumed 'PATH_LANGUES' in /home/UNIV-LYON1/p1505963/public_html/S3/PHP/index.php on line 4
[17-Feb-2017 09:09:15 Europe/Paris] PHP Warning:  require_once(PATH_LANGUEStextes.php): failed to open stream: No such file or directory in /home/UNIV-LYON1/p1505963/public_html/S3/PHP/index.php on line 4
[17-Feb-2017 09:09:15 Europe/Paris] PHP Fatal error:  require_once(): Failed opening required 'PATH_LANGUEStextes.php' (include_path='.:/usr/share/php:/usr/share/pear') in /home/UNIV-LYON1/p1505963/public_html/S3/PHP/index.php on line 4
[17-Feb-2017 09:09:31 Europe/Paris] PHP Parse error:  syntax error, unexpected ')' in /home/UNIV-LYON1/p1505963/public_html/S3/PHP/index.php on line 22
[17-Feb-2017 09:10:02 Europe/Paris] PHP Parse error:  syntax error, unexpected ''php'' (T_CONSTANT_ENCAPSED_STRING) in /home/UNIV-LYON1/p1505963/public_html/S3/PHP/index.php on line 22
[17-Feb-2017 09:10:24 Europe/Paris] PHP Notice:  Use of undefined constant PATH_LANGUES - assumed 'PATH_LANGUES' in /home/UNIV-LYON1/p1505963/public_html/S3/PHP/index.php on line 4
[17-Feb-2017 09:10:24 Europe/Paris] PHP Warning:  require_once(PATH_LANGUEStextes.php): failed to open stream: No such file or directory in /home/UNIV-LYON1/p1505963/public_html/S3/PHP/index.php on line 4
[17-Feb-2017 09:10:24 Europe/Paris] PHP Fatal error:  require_once(): Failed opening required 'PATH_LANGUEStextes.php' (include_path='.:/usr/share/php:/usr/share/pear') in /home/UNIV-LYON1/p1505963/public_html/S3/PHP/index.php on line 4
[17-Feb-2017 09:10:26 Europe/Paris] PHP Notice:  Use of undefined constant PATH_LANGUES - assumed 'PATH_LANGUES' in /home/UNIV-LYON1/p1505963/public_html/S3/PHP/index.php on line 4
[17-Feb-2017 09:10:26 Europe/Paris] PHP Warning:  require_once(PATH_LANGUEStextes.php): failed to open stream: No such file or directory in /home/UNIV-LYON1/p1505963/public_html/S3/PHP/index.php on line 4
[17-Feb-2017 09:10:26 Europe/Paris] PHP Fatal error:  require_once(): Failed opening required 'PATH_LANGUEStextes.php' (include_path='.:/usr/share/php:/usr/share/pear') in /home/UNIV-LYON1/p1505963/public_html/S3/PHP/index.php on line 4
[17-Feb-2017 09:10:27 Europe/Paris] PHP Notice:  Use of undefined constant PATH_LANGUES - assumed 'PATH_LANGUES' in /home/UNIV-LYON1/p1505963/public_html/S3/PHP/index.php on line 4
[17-Feb-2017 09:10:27 Europe/Paris] PHP Warning:  require_once(PATH_LANGUEStextes.php): failed to open stream: No such file or directory in /home/UNIV-LYON1/p1505963/public_html/S3/PHP/index.php on line 4
[17-Feb-2017 09:10:27 Europe/Paris] PHP Fatal error:  require_once(): Failed opening required 'PATH_LANGUEStextes.php' (include_path='.:/usr/share/php:/usr/share/pear') in /home/UNIV-LYON1/p1505963/public_html/S3/PHP/index.php on line 4
[17-Feb-2017 09:10:27 Europe/Paris] PHP Notice:  Use of undefined constant PATH_LANGUES - assumed 'PATH_LANGUES' in /home/UNIV-LYON1/p1505963/public_html/S3/PHP/index.php on line 4
[17-Feb-2017 09:10:27 Europe/Paris] PHP Warning:  require_once(PATH_LANGUEStextes.php): failed to open stream: No such file or directory in /home/UNIV-LYON1/p1505963/public_html/S3/PHP/index.php on line 4
[17-Feb-2017 09:10:27 Europe/Paris] PHP Fatal error:  require_once(): Failed opening required 'PATH_LANGUEStextes.php' (include_path='.:/usr/share/php:/usr/share/pear') in /home/UNIV-LYON1/p1505963/public_html/S3/PHP/index.php on line 4
[17-Feb-2017 09:11:01 Europe/Paris] PHP Notice:  Use of undefined constant PATH_LANGUES - assumed 'PATH_LANGUES' in /home/UNIV-LYON1/p1505963/public_html/S3/PHP/index.php on line 4
[17-Feb-2017 09:11:01 Europe/Paris] PHP Warning:  require_once(PATH_LANGUEStextes.php): failed to open stream: No such file or directory in /home/UNIV-LYON1/p1505963/public_html/S3/PHP/index.php on line 4
[17-Feb-2017 09:11:01 Europe/Paris] PHP Fatal error:  require_once(): Failed opening required 'PATH_LANGUEStextes.php' (include_path='.:/usr/share/php:/usr/share/pear') in /home/UNIV-LYON1/p1505963/public_html/S3/PHP/index.php on line 4
[17-Feb-2017 09:11:22 Europe/Paris] PHP Parse error:  syntax error, unexpected ''php'' (T_CONSTANT_ENCAPSED_STRING) in /home/UNIV-LYON1/p1505963/public_html/S3/PHP/index.php on line 22
[17-Feb-2017 09:11:44 Europe/Paris] PHP Parse error:  syntax error, unexpected '(' in /home/UNIV-LYON1/p1505963/public_html/S3/PHP/index.php on line 22
[17-Feb-2017 09:16:07 Europe/Paris] PHP Parse error:  syntax error, unexpected '$page' (T_VARIABLE) in /home/UNIV-LYON1/p1505963/public_html/S3/PHP/index.php on line 25
[17-Feb-2017 09:17:50 Europe/Paris] PHP Parse error:  syntax error, unexpected '$page' (T_VARIABLE) in /home/UNIV-LYON1/p1505963/public_html/S3/PHP/index.php on line 26
[17-Feb-2017 09:17:51 Europe/Paris] PHP Parse error:  syntax error, unexpected '$page' (T_VARIABLE) in /home/UNIV-LYON1/p1505963/public_html/S3/PHP/index.php on line 26
[17-Feb-2017 09:17:52 Europe/Paris] PHP Parse error:  syntax error, unexpected '$page' (T_VARIABLE) in /home/UNIV-LYON1/p1505963/public_html/S3/PHP/index.php on line 26
[17-Feb-2017 09:17:52 Europe/Paris] PHP Parse error:  syntax error, unexpected '$page' (T_VARIABLE) in /home/UNIV-LYON1/p1505963/public_html/S3/PHP/index.php on line 26
[17-Feb-2017 09:17:52 Europe/Paris] PHP Parse error:  syntax error, unexpected '$page' (T_VARIABLE) in /home/UNIV-LYON1/p1505963/public_html/S3/PHP/index.php on line 26
[17-Feb-2017 09:18:12 Europe/Paris] PHP Parse error:  syntax error, unexpected '$page' (T_VARIABLE) in /home/UNIV-LYON1/p1505963/public_html/S3/PHP/index.php on line 26
[17-Feb-2017 09:20:14 Europe/Paris] PHP Notice:  Use of undefined constant PATH_LANGUES - assumed 'PATH_LANGUES' in /home/UNIV-LYON1/p1505963/public_html/S3/PHP/index.php on line 4
[17-Feb-2017 09:20:14 Europe/Paris] PHP Warning:  require_once(PATH_LANGUEStextes.php): failed to open stream: No such file or directory in /home/UNIV-LYON1/p1505963/public_html/S3/PHP/index.php on line 4
[17-Feb-2017 09:20:14 Europe/Paris] PHP Fatal error:  require_once(): Failed opening required 'PATH_LANGUEStextes.php' (include_path='.:/usr/share/php:/usr/share/pear') in /home/UNIV-LYON1/p1505963/public_html/S3/PHP/index.php on line 4
[17-Feb-2017 09:20:16 Europe/Paris] PHP Notice:  Use of undefined constant PATH_LANGUES - assumed 'PATH_LANGUES' in /home/UNIV-LYON1/p1505963/public_html/S3/PHP/index.php on line 4
[17-Feb-2017 09:20:16 Europe/Paris] PHP Warning:  require_once(PATH_LANGUEStextes.php): failed to open stream: No such file or directory in /home/UNIV-LYON1/p1505963/public_html/S3/PHP/index.php on line 4
[17-Feb-2017 09:20:16 Europe/Paris] PHP Fatal error:  require_once(): Failed opening required 'PATH_LANGUEStextes.php' (include_path='.:/usr/share/php:/usr/share/pear') in /home/UNIV-LYON1/p1505963/public_html/S3/PHP/index.php on line 4
[17-Feb-2017 09:25:13 Europe/Paris] PHP Notice:  Use of undefined constant PATH_DEFINES - assumed 'PATH_DEFINES' in /home/UNIV-LYON1/p1505963/public_html/S3/PHP/index.php on line 5
[17-Feb-2017 09:25:13 Europe/Paris] PHP Warning:  require_once(PATH_DEFINESconfiguration.php): failed to open stream: No such file or directory in /home/UNIV-LYON1/p1505963/public_html/S3/PHP/index.php on line 5
[17-Feb-2017 09:25:13 Europe/Paris] PHP Fatal error:  require_once(): Failed opening required 'PATH_DEFINESconfiguration.php' (include_path='.:/usr/share/php:/usr/share/pear') in /home/UNIV-LYON1/p1505963/public_html/S3/PHP/index.php on line 5
[17-Feb-2017 09:26:18 Europe/Paris] PHP Notice:  Use of undefined constant PATH_DEFINES - assumed 'PATH_DEFINES' in /home/UNIV-LYON1/p1505963/public_html/S3/PHP/index.php on line 5
[17-Feb-2017 09:26:18 Europe/Paris] PHP Warning:  require_once(PATH_DEFINESconfiguration.php): failed to open stream: No such file or directory in /home/UNIV-LYON1/p1505963/public_html/S3/PHP/index.php on line 5
[17-Feb-2017 09:26:18 Europe/Paris] PHP Fatal error:  require_once(): Failed opening required 'PATH_DEFINESconfiguration.php' (include_path='.:/usr/share/php:/usr/share/pear') in /home/UNIV-LYON1/p1505963/public_html/S3/PHP/index.php on line 5
[17-Feb-2017 09:26:18 Europe/Paris] PHP Notice:  Use of undefined constant PATH_DEFINES - assumed 'PATH_DEFINES' in /home/UNIV-LYON1/p1505963/public_html/S3/PHP/index.php on line 5
[17-Feb-2017 09:26:18 Europe/Paris] PHP Warning:  require_once(PATH_DEFINESconfiguration.php): failed to open stream: No such file or directory in /home/UNIV-LYON1/p1505963/public_html/S3/PHP/index.php on line 5
[17-Feb-2017 09:26:18 Europe/Paris] PHP Fatal error:  require_once(): Failed opening required 'PATH_DEFINESconfiguration.php' (include_path='.:/usr/share/php:/usr/share/pear') in /home/UNIV-LYON1/p1505963/public_html/S3/PHP/index.php on line 5
[17-Feb-2017 09:26:18 Europe/Paris] PHP Notice:  Use of undefined constant PATH_DEFINES - assumed 'PATH_DEFINES' in /home/UNIV-LYON1/p1505963/public_html/S3/PHP/index.php on line 5
[17-Feb-2017 09:26:19 Europe/Paris] PHP Warning:  require_once(PATH_DEFINESconfiguration.php): failed to open stream: No such file or directory in /home/UNIV-LYON1/p1505963/public_html/S3/PHP/index.php on line 5
[17-Feb-2017 09:26:19 Europe/Paris] PHP Fatal error:  require_once(): Failed opening required 'PATH_DEFINESconfiguration.php' (include_path='.:/usr/share/php:/usr/share/pear') in /home/UNIV-LYON1/p1505963/public_html/S3/PHP/index.php on line 5
[17-Feb-2017 09:26:19 Europe/Paris] PHP Notice:  Use of undefined constant PATH_DEFINES - assumed 'PATH_DEFINES' in /home/UNIV-LYON1/p1505963/public_html/S3/PHP/index.php on line 5
[17-Feb-2017 09:26:19 Europe/Paris] PHP Warning:  require_once(PATH_DEFINESconfiguration.php): failed to open stream: No such file or directory in /home/UNIV-LYON1/p1505963/public_html/S3/PHP/index.php on line 5
[17-Feb-2017 09:26:19 Europe/Paris] PHP Fatal error:  require_once(): Failed opening required 'PATH_DEFINESconfiguration.php' (include_path='.:/usr/share/php:/usr/share/pear') in /home/UNIV-LYON1/p1505963/public_html/S3/PHP/index.php on line 5
[17-Feb-2017 09:26:19 Europe/Paris] PHP Notice:  Use of undefined constant PATH_DEFINES - assumed 'PATH_DEFINES' in /home/UNIV-LYON1/p1505963/public_html/S3/PHP/index.php on line 5
[17-Feb-2017 09:26:19 Europe/Paris] PHP Warning:  require_once(PATH_DEFINESconfiguration.php): failed to open stream: No such file or directory in /home/UNIV-LYON1/p1505963/public_html/S3/PHP/index.php on line 5
[17-Feb-2017 09:26:19 Europe/Paris] PHP Fatal error:  require_once(): Failed opening required 'PATH_DEFINESconfiguration.php' (include_path='.:/usr/share/php:/usr/share/pear') in /home/UNIV-LYON1/p1505963/public_html/S3/PHP/index.php on line 5
[17-Feb-2017 09:26:48 Europe/Paris] PHP Notice:  Use of undefined constant PATH_DEFINES - assumed 'PATH_DEFINES' in /home/UNIV-LYON1/p1505963/public_html/S3/PHP/index.php on line 5
[17-Feb-2017 09:26:48 Europe/Paris] PHP Warning:  require_once(PATH_DEFINESconfiguration.php): failed to open stream: No such file or directory in /home/UNIV-LYON1/p1505963/public_html/S3/PHP/index.php on line 5
[17-Feb-2017 09:26:48 Europe/Paris] PHP Fatal error:  require_once(): Failed opening required 'PATH_DEFINESconfiguration.php' (include_path='.:/usr/share/php:/usr/share/pear') in /home/UNIV-LYON1/p1505963/public_html/S3/PHP/index.php on line 5
[17-Feb-2017 09:31:18 Europe/Paris] PHP Notice:  Use of undefined constant PATH_LANGUES - assumed 'PATH_LANGUES' in /home/UNIV-LYON1/p1505963/public_html/S3/PHP/index.php on line 4
[17-Feb-2017 09:31:18 Europe/Paris] PHP Warning:  require_once(PATH_LANGUEStextes.php): failed to open stream: No such file or directory in /home/UNIV-LYON1/p1505963/public_html/S3/PHP/index.php on line 4
[17-Feb-2017 09:31:18 Europe/Paris] PHP Fatal error:  require_once(): Failed opening required 'PATH_LANGUEStextes.php' (include_path='.:/usr/share/php:/usr/share/pear') in /home/UNIV-LYON1/p1505963/public_html/S3/PHP/index.php on line 4
[17-Feb-2017 09:31:18 Europe/Paris] PHP Notice:  Use of undefined constant PATH_LANGUES - assumed 'PATH_LANGUES' in /home/UNIV-LYON1/p1505963/public_html/S3/PHP/index.php on line 4
[17-Feb-2017 09:31:18 Europe/Paris] PHP Warning:  require_once(PATH_LANGUEStextes.php): failed to open stream: No such file or directory in /home/UNIV-LYON1/p1505963/public_html/S3/PHP/index.php on line 4
[17-Feb-2017 09:31:18 Europe/Paris] PHP Fatal error:  require_once(): Failed opening required 'PATH_LANGUEStextes.php' (include_path='.:/usr/share/php:/usr/share/pear') in /home/UNIV-LYON1/p1505963/public_html/S3/PHP/index.php on line 4
[17-Feb-2017 09:44:02 Europe/Paris] PHP Notice:  Use of undefined constant PATH_LANGUES - assumed 'PATH_LANGUES' in /home/UNIV-LYON1/p1505963/public_html/S3/PHP/index.php on line 4
[17-Feb-2017 09:44:02 Europe/Paris] PHP Warning:  require_once(PATH_LANGUEStextes.php): failed to open stream: No such file or directory in /home/UNIV-LYON1/p1505963/public_html/S3/PHP/index.php on line 4
[17-Feb-2017 09:44:02 Europe/Paris] PHP Fatal error:  require_once(): Failed opening required 'PATH_LANGUEStextes.php' (include_path='.:/usr/share/php:/usr/share/pear') in /home/UNIV-LYON1/p1505963/public_html/S3/PHP/index.php on line 4
[17-Feb-2017 09:46:35 Europe/Paris] PHP Notice:  Use of undefined constant PATH_LANGUES - assumed 'PATH_LANGUES' in /home/UNIV-LYON1/p1505963/public_html/S3/PHP/index.php on line 4
[17-Feb-2017 09:46:35 Europe/Paris] PHP Warning:  require_once(PATH_LANGUEStextes.php): failed to open stream: No such file or directory in /home/UNIV-LYON1/p1505963/public_html/S3/PHP/index.php on line 4
[17-Feb-2017 09:46:35 Europe/Paris] PHP Fatal error:  require_once(): Failed opening required 'PATH_LANGUEStextes.php' (include_path='.:/usr/share/php:/usr/share/pear') in /home/UNIV-LYON1/p1505963/public_html/S3/PHP/index.php on line 4
[17-Feb-2017 09:46:36 Europe/Paris] PHP Notice:  Use of undefined constant PATH_LANGUES - assumed 'PATH_LANGUES' in /home/UNIV-LYON1/p1505963/public_html/S3/PHP/index.php on line 4
[17-Feb-2017 09:46:36 Europe/Paris] PHP Warning:  require_once(PATH_LANGUEStextes.php): failed to open stream: No such file or directory in /home/UNIV-LYON1/p1505963/public_html/S3/PHP/index.php on line 4
[17-Feb-2017 09:46:36 Europe/Paris] PHP Fatal error:  require_once(): Failed opening required 'PATH_LANGUEStextes.php' (include_path='.:/usr/share/php:/usr/share/pear') in /home/UNIV-LYON1/p1505963/public_html/S3/PHP/index.php on line 4
[17-Feb-2017 09:46:43 Europe/Paris] PHP Notice:  Use of undefined constant Defines - assumed 'Defines' in /home/UNIV-LYON1/p1505963/public_html/S3/PHP/index.php on line 3
[17-Feb-2017 09:46:43 Europe/Paris] PHP Notice:  Use of undefined constant structure - assumed 'structure' in /home/UNIV-LYON1/p1505963/public_html/S3/PHP/index.php on line 3
[17-Feb-2017 09:46:43 Europe/Paris] PHP Warning:  Division by zero in /home/UNIV-LYON1/p1505963/public_html/S3/PHP/index.php on line 3
[17-Feb-2017 09:46:43 Europe/Paris] PHP Notice:  Use of undefined constant php - assumed 'php' in /home/UNIV-LYON1/p1505963/public_html/S3/PHP/index.php on line 3
[17-Feb-2017 09:46:43 Europe/Paris] PHP Warning:  require_once(php): failed to open stream: No such file or directory in /home/UNIV-LYON1/p1505963/public_html/S3/PHP/index.php on line 3
[17-Feb-2017 09:46:43 Europe/Paris] PHP Fatal error:  require_once(): Failed opening required 'php' (include_path='.:/usr/share/php:/usr/share/pear') in /home/UNIV-LYON1/p1505963/public_html/S3/PHP/index.php on line 3
[17-Feb-2017 09:47:20 Europe/Paris] PHP Notice:  Use of undefined constant PATH_LANGUES - assumed 'PATH_LANGUES' in /home/UNIV-LYON1/p1505963/public_html/S3/PHP/index.php on line 4
[17-Feb-2017 09:47:20 Europe/Paris] PHP Notice:  Use of undefined constant PATH_FR - assumed 'PATH_FR' in /home/UNIV-LYON1/p1505963/public_html/S3/PHP/index.php on line 4
[17-Feb-2017 09:47:20 Europe/Paris] PHP Warning:  require_once(PATH_LANGUESPATH_FRtextes.php): failed to open stream: No such file or directory in /home/UNIV-LYON1/p1505963/public_html/S3/PHP/index.php on line 4
[17-Feb-2017 09:47:20 Europe/Paris] PHP Fatal error:  require_once(): Failed opening required 'PATH_LANGUESPATH_FRtextes.php' (include_path='.:/usr/share/php:/usr/share/pear') in /home/UNIV-LYON1/p1505963/public_html/S3/PHP/index.php on line 4
[17-Feb-2017 10:12:21 Europe/Paris] PHP Notice:  Use of undefined constant PATH_LANGUES - assumed 'PATH_LANGUES' in /home/UNIV-LYON1/p1505963/public_html/S3/PHP/index.php on line 4
[17-Feb-2017 10:12:21 Europe/Paris] PHP Notice:  Use of undefined constant PATH_FR - assumed 'PATH_FR' in /home/UNIV-LYON1/p1505963/public_html/S3/PHP/index.php on line 4
[17-Feb-2017 10:12:21 Europe/Paris] PHP Warning:  require_once(PATH_LANGUESPATH_FRtextes.php): failed to open stream: No such file or directory in /home/UNIV-LYON1/p1505963/public_html/S3/PHP/index.php on line 4
[17-Feb-2017 10:12:21 Europe/Paris] PHP Fatal error:  require_once(): Failed opening required 'PATH_LANGUESPATH_FRtextes.php' (include_path='.:/usr/share/php:/usr/share/pear') in /home/UNIV-LYON1/p1505963/public_html/S3/PHP/index.php on line 4
[17-Feb-2017 10:12:54 Europe/Paris] PHP Notice:  Use of undefined constant PATH_LANGUES - assumed 'PATH_LANGUES' in /home/UNIV-LYON1/p1505963/public_html/S3/PHP/index.php on line 4
[17-Feb-2017 10:12:54 Europe/Paris] PHP Notice:  Use of undefined constant PATH_FR - assumed 'PATH_FR' in /home/UNIV-LYON1/p1505963/public_html/S3/PHP/index.php on line 4
[17-Feb-2017 10:12:54 Europe/Paris] PHP Warning:  require_once(PATH_LANGUESPATH_FRtextes.php): failed to open stream: No such file or directory in /home/UNIV-LYON1/p1505963/public_html/S3/PHP/index.php on line 4
[17-Feb-2017 10:12:54 Europe/Paris] PHP Fatal error:  require_once(): Failed opening required 'PATH_LANGUESPATH_FRtextes.php' (include_path='.:/usr/share/php:/usr/share/pear') in /home/UNIV-LYON1/p1505963/public_html/S3/PHP/index.php on line 4
[17-Feb-2017 10:15:25 Europe/Paris] PHP Notice:  Use of undefined constant PATH_MODEL - assumed 'PATH_MODEL' in /home/UNIV-LYON1/p1505963/public_html/S3/PHP/index.php on line 4
[17-Feb-2017 10:15:25 Europe/Paris] PHP Notice:  Use of undefined constant PATH_LANGUES - assumed 'PATH_LANGUES' in /home/UNIV-LYON1/p1505963/public_html/S3/PHP/index.php on line 5
[17-Feb-2017 10:15:25 Europe/Paris] PHP Notice:  Use of undefined constant PATH_FR - assumed 'PATH_FR' in /home/UNIV-LYON1/p1505963/public_html/S3/PHP/index.php on line 5
[17-Feb-2017 10:15:25 Europe/Paris] PHP Warning:  require_once(PATH_LANGUESPATH_FRtextes.php): failed to open stream: No such file or directory in /home/UNIV-LYON1/p1505963/public_html/S3/PHP/index.php on line 5
[17-Feb-2017 10:15:25 Europe/Paris] PHP Fatal error:  require_once(): Failed opening required 'PATH_LANGUESPATH_FRtextes.php' (include_path='.:/usr/share/php:/usr/share/pear') in /home/UNIV-LYON1/p1505963/public_html/S3/PHP/index.php on line 5
[17-Feb-2017 10:15:45 Europe/Paris] PHP Warning:  require_once(langues/fr/textes.php): failed to open stream: No such file or directory in /home/UNIV-LYON1/p1505963/public_html/S3/PHP/index.php on line 5
[17-Feb-2017 10:15:45 Europe/Paris] PHP Fatal error:  require_once(): Failed opening required 'langues/fr/textes.php' (include_path='.:/usr/share/php:/usr/share/pear') in /home/UNIV-LYON1/p1505963/public_html/S3/PHP/index.php on line 5
[17-Feb-2017 10:16:07 Europe/Paris] PHP Warning:  require_once(langues/fr/textes.php): failed to open stream: No such file or directory in /home/UNIV-LYON1/p1505963/public_html/S3/PHP/index.php on line 4
[17-Feb-2017 10:16:07 Europe/Paris] PHP Fatal error:  require_once(): Failed opening required 'langues/fr/textes.php' (include_path='.:/usr/share/php:/usr/share/pear') in /home/UNIV-LYON1/p1505963/public_html/S3/PHP/index.php on line 4
[17-Feb-2017 10:16:07 Europe/Paris] PHP Warning:  require_once(langues/fr/textes.php): failed to open stream: No such file or directory in /home/UNIV-LYON1/p1505963/public_html/S3/PHP/index.php on line 4
[17-Feb-2017 10:16:07 Europe/Paris] PHP Fatal error:  require_once(): Failed opening required 'langues/fr/textes.php' (include_path='.:/usr/share/php:/usr/share/pear') in /home/UNIV-LYON1/p1505963/public_html/S3/PHP/index.php on line 4
[17-Feb-2017 10:17:19 Europe/Paris] PHP Warning:  require_once(langues/fr/textes.php): failed to open stream: No such file or directory in /home/UNIV-LYON1/p1505963/public_html/S3/PHP/index.php on line 4
[17-Feb-2017 10:17:19 Europe/Paris] PHP Fatal error:  require_once(): Failed opening required 'langues/fr/textes.php' (include_path='.:/usr/share/php:/usr/share/pear') in /home/UNIV-LYON1/p1505963/public_html/S3/PHP/index.php on line 4
[17-Feb-2017 10:18:09 Europe/Paris] PHP Warning:  require_once(langues/fr/textes.php): failed to open stream: No such file or directory in /home/UNIV-LYON1/p1505963/public_html/S3/PHP/index.php on line 4
[17-Feb-2017 10:18:09 Europe/Paris] PHP Fatal error:  require_once(): Failed opening required 'langues/fr/textes.php' (include_path='.:/usr/share/php:/usr/share/pear') in /home/UNIV-LYON1/p1505963/public_html/S3/PHP/index.php on line 4
[17-Feb-2017 10:18:10 Europe/Paris] PHP Warning:  require_once(langues/fr/textes.php): failed to open stream: No such file or directory in /home/UNIV-LYON1/p1505963/public_html/S3/PHP/index.php on line 4
[17-Feb-2017 10:18:10 Europe/Paris] PHP Fatal error:  require_once(): Failed opening required 'langues/fr/textes.php' (include_path='.:/usr/share/php:/usr/share/pear') in /home/UNIV-LYON1/p1505963/public_html/S3/PHP/index.php on line 4
[17-Feb-2017 10:18:10 Europe/Paris] PHP Warning:  require_once(langues/fr/textes.php): failed to open stream: No such file or directory in /home/UNIV-LYON1/p1505963/public_html/S3/PHP/index.php on line 4
[17-Feb-2017 10:18:10 Europe/Paris] PHP Fatal error:  require_once(): Failed opening required 'langues/fr/textes.php' (include_path='.:/usr/share/php:/usr/share/pear') in /home/UNIV-LYON1/p1505963/public_html/S3/PHP/index.php on line 4
[17-Feb-2017 10:18:10 Europe/Paris] PHP Warning:  require_once(langues/fr/textes.php): failed to open stream: No such file or directory in /home/UNIV-LYON1/p1505963/public_html/S3/PHP/index.php on line 4
[17-Feb-2017 10:18:10 Europe/Paris] PHP Fatal error:  require_once(): Failed opening required 'langues/fr/textes.php' (include_path='.:/usr/share/php:/usr/share/pear') in /home/UNIV-LYON1/p1505963/public_html/S3/PHP/index.php on line 4
[17-Feb-2017 10:27:59 Europe/Paris] PHP Warning:  require_once(langues/FR/textes.php): failed to open stream: No such file or directory in /home/UNIV-LYON1/p1505963/public_html/S3/PHP/index.php on line 4
[17-Feb-2017 10:28:00 Europe/Paris] PHP Fatal error:  require_once(): Failed opening required 'langues/FR/textes.php' (include_path='.:/usr/share/php:/usr/share/pear') in /home/UNIV-LYON1/p1505963/public_html/S3/PHP/index.php on line 4
[17-Feb-2017 10:28:14 Europe/Paris] PHP Warning:  require_once(defines/configuration.php): failed to open stream: No such file or directory in /home/UNIV-LYON1/p1505963/public_html/S3/PHP/index.php on line 5
[17-Feb-2017 10:28:14 Europe/Paris] PHP Fatal error:  require_once(): Failed opening required 'defines/configuration.php' (include_path='.:/usr/share/php:/usr/share/pear') in /home/UNIV-LYON1/p1505963/public_html/S3/PHP/index.php on line 5
[17-Feb-2017 10:28:27 Europe/Paris] PHP Notice:  Use of undefined constant NOM_SITE - assumed 'NOM_SITE' in /home/UNIV-LYON1/p1505963/public_html/S3/PHP/Defines/configuration.php on line 2
[17-Feb-2017 10:28:27 Europe/Paris] PHP Fatal error:  Call to undefined function r() in /home/UNIV-LYON1/p1505963/public_html/S3/PHP/index.php on line 10
[17-Feb-2017 10:29:42 Europe/Paris] PHP Notice:  Use of undefined constant NOM_SITE - assumed 'NOM_SITE' in /home/UNIV-LYON1/p1505963/public_html/S3/PHP/Defines/configuration.php on line 2
[17-Feb-2017 10:29:42 Europe/Paris] PHP Notice:  Use of undefined constant PATH_CONTROLLERS - assumed 'PATH_CONTROLLERS' in /home/UNIV-LYON1/p1505963/public_html/S3/PHP/index.php on line 29
[17-Feb-2017 10:29:42 Europe/Paris] PHP Warning:  require_once(PATH_CONTROLLERSindex.php): failed to open stream: No such file or directory in /home/UNIV-LYON1/p1505963/public_html/S3/PHP/index.php on line 29
[17-Feb-2017 10:29:42 Europe/Paris] PHP Fatal error:  require_once(): Failed opening required 'PATH_CONTROLLERSindex.php' (include_path='.:/usr/share/php:/usr/share/pear') in /home/UNIV-LYON1/p1505963/public_html/S3/PHP/index.php on line 29
[17-Feb-2017 10:30:30 Europe/Paris] PHP Notice:  Use of undefined constant NOM_SITE - assumed 'NOM_SITE' in /home/UNIV-LYON1/p1505963/public_html/S3/PHP/Defines/configuration.php on line 2
[17-Feb-2017 10:30:30 Europe/Paris] PHP Notice:  Use of undefined constant PATH_CONTROLLERS - assumed 'PATH_CONTROLLERS' in /home/UNIV-LYON1/p1505963/public_html/S3/PHP/index.php on line 29
[17-Feb-2017 10:30:30 Europe/Paris] PHP Warning:  require_once(PATH_CONTROLLERSindex.php): failed to open stream: No such file or directory in /home/UNIV-LYON1/p1505963/public_html/S3/PHP/index.php on line 29
[17-Feb-2017 10:30:30 Europe/Paris] PHP Fatal error:  require_once(): Failed opening required 'PATH_CONTROLLERSindex.php' (include_path='.:/usr/share/php:/usr/share/pear') in /home/UNIV-LYON1/p1505963/public_html/S3/PHP/index.php on line 29
[17-Feb-2017 10:30:32 Europe/Paris] PHP Notice:  Use of undefined constant NOM_SITE - assumed 'NOM_SITE' in /home/UNIV-LYON1/p1505963/public_html/S3/PHP/Defines/configuration.php on line 2
[17-Feb-2017 10:30:32 Europe/Paris] PHP Notice:  Use of undefined constant PATH_CONTROLLERS - assumed 'PATH_CONTROLLERS' in /home/UNIV-LYON1/p1505963/public_html/S3/PHP/index.php on line 29
[17-Feb-2017 10:30:32 Europe/Paris] PHP Warning:  require_once(PATH_CONTROLLERSindex.php): failed to open stream: No such file or directory in /home/UNIV-LYON1/p1505963/public_html/S3/PHP/index.php on line 29
[17-Feb-2017 10:30:32 Europe/Paris] PHP Fatal error:  require_once(): Failed opening required 'PATH_CONTROLLERSindex.php' (include_path='.:/usr/share/php:/usr/share/pear') in /home/UNIV-LYON1/p1505963/public_html/S3/PHP/index.php on line 29
[17-Feb-2017 10:30:33 Europe/Paris] PHP Notice:  Use of undefined constant NOM_SITE - assumed 'NOM_SITE' in /home/UNIV-LYON1/p1505963/public_html/S3/PHP/Defines/configuration.php on line 2
[17-Feb-2017 10:30:33 Europe/Paris] PHP Notice:  Use of undefined constant PATH_CONTROLLERS - assumed 'PATH_CONTROLLERS' in /home/UNIV-LYON1/p1505963/public_html/S3/PHP/index.php on line 29
[17-Feb-2017 10:30:33 Europe/Paris] PHP Warning:  require_once(PATH_CONTROLLERSindex.php): failed to open stream: No such file or directory in /home/UNIV-LYON1/p1505963/public_html/S3/PHP/index.php on line 29
[17-Feb-2017 10:30:33 Europe/Paris] PHP Fatal error:  require_once(): Failed opening required 'PATH_CONTROLLERSindex.php' (include_path='.:/usr/share/php:/usr/share/pear') in /home/UNIV-LYON1/p1505963/public_html/S3/PHP/index.php on line 29
[17-Feb-2017 10:30:54 Europe/Paris] PHP Notice:  Use of undefined constant NOM_SITE - assumed 'NOM_SITE' in /home/UNIV-LYON1/p1505963/public_html/S3/PHP/Defines/configuration.php on line 2
[17-Feb-2017 10:30:54 Europe/Paris] PHP Notice:  Use of undefined constant PATH_CONTROLLERS - assumed 'PATH_CONTROLLERS' in /home/UNIV-LYON1/p1505963/public_html/S3/PHP/index.php on line 29
[17-Feb-2017 10:30:54 Europe/Paris] PHP Warning:  require_once(PATH_CONTROLLERSindex.php): failed to open stream: No such file or directory in /home/UNIV-LYON1/p1505963/public_html/S3/PHP/index.php on line 29
[17-Feb-2017 10:30:54 Europe/Paris] PHP Fatal error:  require_once(): Failed opening required 'PATH_CONTROLLERSindex.php' (include_path='.:/usr/share/php:/usr/share/pear') in /home/UNIV-LYON1/p1505963/public_html/S3/PHP/index.php on line 29
[17-Feb-2017 10:30:55 Europe/Paris] PHP Notice:  Use of undefined constant NOM_SITE - assumed 'NOM_SITE' in /home/UNIV-LYON1/p1505963/public_html/S3/PHP/Defines/configuration.php on line 2
[17-Feb-2017 10:30:55 Europe/Paris] PHP Notice:  Use of undefined constant PATH_CONTROLLERS - assumed 'PATH_CONTROLLERS' in /home/UNIV-LYON1/p1505963/public_html/S3/PHP/index.php on line 29
[17-Feb-2017 10:30:55 Europe/Paris] PHP Warning:  require_once(PATH_CONTROLLERSindex.php): failed to open stream: No such file or directory in /home/UNIV-LYON1/p1505963/public_html/S3/PHP/index.php on line 29
[17-Feb-2017 10:30:55 Europe/Paris] PHP Fatal error:  require_once(): Failed opening required 'PATH_CONTROLLERSindex.php' (include_path='.:/usr/share/php:/usr/share/pear') in /home/UNIV-LYON1/p1505963/public_html/S3/PHP/index.php on line 29
[17-Feb-2017 10:30:56 Europe/Paris] PHP Notice:  Use of undefined constant NOM_SITE - assumed 'NOM_SITE' in /home/UNIV-LYON1/p1505963/public_html/S3/PHP/Defines/configuration.php on line 2
[17-Feb-2017 10:30:56 Europe/Paris] PHP Notice:  Use of undefined constant PATH_CONTROLLERS - assumed 'PATH_CONTROLLERS' in /home/UNIV-LYON1/p1505963/public_html/S3/PHP/index.php on line 29
[17-Feb-2017 10:30:56 Europe/Paris] PHP Warning:  require_once(PATH_CONTROLLERSindex.php): failed to open stream: No such file or directory in /home/UNIV-LYON1/p1505963/public_html/S3/PHP/index.php on line 29
[17-Feb-2017 10:30:56 Europe/Paris] PHP Fatal error:  require_once(): Failed opening required 'PATH_CONTROLLERSindex.php' (include_path='.:/usr/share/php:/usr/share/pear') in /home/UNIV-LYON1/p1505963/public_html/S3/PHP/index.php on line 29
[17-Feb-2017 10:30:56 Europe/Paris] PHP Notice:  Use of undefined constant NOM_SITE - assumed 'NOM_SITE' in /home/UNIV-LYON1/p1505963/public_html/S3/PHP/Defines/configuration.php on line 2
[17-Feb-2017 10:30:56 Europe/Paris] PHP Notice:  Use of undefined constant PATH_CONTROLLERS - assumed 'PATH_CONTROLLERS' in /home/UNIV-LYON1/p1505963/public_html/S3/PHP/index.php on line 29
[17-Feb-2017 10:30:56 Europe/Paris] PHP Warning:  require_once(PATH_CONTROLLERSindex.php): failed to open stream: No such file or directory in /home/UNIV-LYON1/p1505963/public_html/S3/PHP/index.php on line 29
[17-Feb-2017 10:30:56 Europe/Paris] PHP Fatal error:  require_once(): Failed opening required 'PATH_CONTROLLERSindex.php' (include_path='.:/usr/share/php:/usr/share/pear') in /home/UNIV-LYON1/p1505963/public_html/S3/PHP/index.php on line 29
[17-Feb-2017 10:30:56 Europe/Paris] PHP Notice:  Use of undefined constant NOM_SITE - assumed 'NOM_SITE' in /home/UNIV-LYON1/p1505963/public_html/S3/PHP/Defines/configuration.php on line 2
[17-Feb-2017 10:30:56 Europe/Paris] PHP Notice:  Use of undefined constant PATH_CONTROLLERS - assumed 'PATH_CONTROLLERS' in /home/UNIV-LYON1/p1505963/public_html/S3/PHP/index.php on line 29
[17-Feb-2017 10:30:56 Europe/Paris] PHP Warning:  require_once(PATH_CONTROLLERSindex.php): failed to open stream: No such file or directory in /home/UNIV-LYON1/p1505963/public_html/S3/PHP/index.php on line 29
[17-Feb-2017 10:30:56 Europe/Paris] PHP Fatal error:  require_once(): Failed opening required 'PATH_CONTROLLERSindex.php' (include_path='.:/usr/share/php:/usr/share/pear') in /home/UNIV-LYON1/p1505963/public_html/S3/PHP/index.php on line 29
[17-Feb-2017 10:30:56 Europe/Paris] PHP Notice:  Use of undefined constant NOM_SITE - assumed 'NOM_SITE' in /home/UNIV-LYON1/p1505963/public_html/S3/PHP/Defines/configuration.php on line 2
[17-Feb-2017 10:30:56 Europe/Paris] PHP Notice:  Use of undefined constant PATH_CONTROLLERS - assumed 'PATH_CONTROLLERS' in /home/UNIV-LYON1/p1505963/public_html/S3/PHP/index.php on line 29
[17-Feb-2017 10:30:56 Europe/Paris] PHP Warning:  require_once(PATH_CONTROLLERSindex.php): failed to open stream: No such file or directory in /home/UNIV-LYON1/p1505963/public_html/S3/PHP/index.php on line 29
[17-Feb-2017 10:30:56 Europe/Paris] PHP Fatal error:  require_once(): Failed opening required 'PATH_CONTROLLERSindex.php' (include_path='.:/usr/share/php:/usr/share/pear') in /home/UNIV-LYON1/p1505963/public_html/S3/PHP/index.php on line 29
[17-Feb-2017 10:30:57 Europe/Paris] PHP Notice:  Use of undefined constant NOM_SITE - assumed 'NOM_SITE' in /home/UNIV-LYON1/p1505963/public_html/S3/PHP/Defines/configuration.php on line 2
[17-Feb-2017 10:30:57 Europe/Paris] PHP Notice:  Use of undefined constant PATH_CONTROLLERS - assumed 'PATH_CONTROLLERS' in /home/UNIV-LYON1/p1505963/public_html/S3/PHP/index.php on line 29
[17-Feb-2017 10:30:57 Europe/Paris] PHP Warning:  require_once(PATH_CONTROLLERSindex.php): failed to open stream: No such file or directory in /home/UNIV-LYON1/p1505963/public_html/S3/PHP/index.php on line 29
[17-Feb-2017 10:30:57 Europe/Paris] PHP Fatal error:  require_once(): Failed opening required 'PATH_CONTROLLERSindex.php' (include_path='.:/usr/share/php:/usr/share/pear') in /home/UNIV-LYON1/p1505963/public_html/S3/PHP/index.php on line 29
[17-Feb-2017 10:30:57 Europe/Paris] PHP Notice:  Use of undefined constant NOM_SITE - assumed 'NOM_SITE' in /home/UNIV-LYON1/p1505963/public_html/S3/PHP/Defines/configuration.php on line 2
[17-Feb-2017 10:30:57 Europe/Paris] PHP Notice:  Use of undefined constant PATH_CONTROLLERS - assumed 'PATH_CONTROLLERS' in /home/UNIV-LYON1/p1505963/public_html/S3/PHP/index.php on line 29
[17-Feb-2017 10:30:57 Europe/Paris] PHP Warning:  require_once(PATH_CONTROLLERSindex.php): failed to open stream: No such file or directory in /home/UNIV-LYON1/p1505963/public_html/S3/PHP/index.php on line 29
[17-Feb-2017 10:30:57 Europe/Paris] PHP Fatal error:  require_once(): Failed opening required 'PATH_CONTROLLERSindex.php' (include_path='.:/usr/share/php:/usr/share/pear') in /home/UNIV-LYON1/p1505963/public_html/S3/PHP/index.php on line 29
[17-Feb-2017 10:30:57 Europe/Paris] PHP Notice:  Use of undefined constant NOM_SITE - assumed 'NOM_SITE' in /home/UNIV-LYON1/p1505963/public_html/S3/PHP/Defines/configuration.php on line 2
[17-Feb-2017 10:30:57 Europe/Paris] PHP Notice:  Use of undefined constant PATH_CONTROLLERS - assumed 'PATH_CONTROLLERS' in /home/UNIV-LYON1/p1505963/public_html/S3/PHP/index.php on line 29
[17-Feb-2017 10:30:57 Europe/Paris] PHP Warning:  require_once(PATH_CONTROLLERSindex.php): failed to open stream: No such file or directory in /home/UNIV-LYON1/p1505963/public_html/S3/PHP/index.php on line 29
[17-Feb-2017 10:30:57 Europe/Paris] PHP Fatal error:  require_once(): Failed opening required 'PATH_CONTROLLERSindex.php' (include_path='.:/usr/share/php:/usr/share/pear') in /home/UNIV-LYON1/p1505963/public_html/S3/PHP/index.php on line 29
[17-Feb-2017 10:30:57 Europe/Paris] PHP Notice:  Use of undefined constant NOM_SITE - assumed 'NOM_SITE' in /home/UNIV-LYON1/p1505963/public_html/S3/PHP/Defines/configuration.php on line 2
[17-Feb-2017 10:30:57 Europe/Paris] PHP Notice:  Use of undefined constant PATH_CONTROLLERS - assumed 'PATH_CONTROLLERS' in /home/UNIV-LYON1/p1505963/public_html/S3/PHP/index.php on line 29
[17-Feb-2017 10:30:57 Europe/Paris] PHP Warning:  require_once(PATH_CONTROLLERSindex.php): failed to open stream: No such file or directory in /home/UNIV-LYON1/p1505963/public_html/S3/PHP/index.php on line 29
[17-Feb-2017 10:30:57 Europe/Paris] PHP Fatal error:  require_once(): Failed opening required 'PATH_CONTROLLERSindex.php' (include_path='.:/usr/share/php:/usr/share/pear') in /home/UNIV-LYON1/p1505963/public_html/S3/PHP/index.php on line 29
[17-Feb-2017 10:30:57 Europe/Paris] PHP Notice:  Use of undefined constant NOM_SITE - assumed 'NOM_SITE' in /home/UNIV-LYON1/p1505963/public_html/S3/PHP/Defines/configuration.php on line 2
[17-Feb-2017 10:30:57 Europe/Paris] PHP Notice:  Use of undefined constant PATH_CONTROLLERS - assumed 'PATH_CONTROLLERS' in /home/UNIV-LYON1/p1505963/public_html/S3/PHP/index.php on line 29
[17-Feb-2017 10:30:57 Europe/Paris] PHP Warning:  require_once(PATH_CONTROLLERSindex.php): failed to open stream: No such file or directory in /home/UNIV-LYON1/p1505963/public_html/S3/PHP/index.php on line 29
[17-Feb-2017 10:30:57 Europe/Paris] PHP Fatal error:  require_once(): Failed opening required 'PATH_CONTROLLERSindex.php' (include_path='.:/usr/share/php:/usr/share/pear') in /home/UNIV-LYON1/p1505963/public_html/S3/PHP/index.php on line 29
[17-Feb-2017 10:30:57 Europe/Paris] PHP Notice:  Use of undefined constant NOM_SITE - assumed 'NOM_SITE' in /home/UNIV-LYON1/p1505963/public_html/S3/PHP/Defines/configuration.php on line 2
[17-Feb-2017 10:30:57 Europe/Paris] PHP Notice:  Use of undefined constant PATH_CONTROLLERS - assumed 'PATH_CONTROLLERS' in /home/UNIV-LYON1/p1505963/public_html/S3/PHP/index.php on line 29
[17-Feb-2017 10:30:57 Europe/Paris] PHP Warning:  require_once(PATH_CONTROLLERSindex.php): failed to open stream: No such file or directory in /home/UNIV-LYON1/p1505963/public_html/S3/PHP/index.php on line 29
[17-Feb-2017 10:30:57 Europe/Paris] PHP Fatal error:  require_once(): Failed opening required 'PATH_CONTROLLERSindex.php' (include_path='.:/usr/share/php:/usr/share/pear') in /home/UNIV-LYON1/p1505963/public_html/S3/PHP/index.php on line 29
[17-Feb-2017 10:31:06 Europe/Paris] PHP Notice:  Use of undefined constant NOM_SITE - assumed 'NOM_SITE' in /home/UNIV-LYON1/p1505963/public_html/S3/PHP/Defines/configuration.php on line 2
[17-Feb-2017 10:31:06 Europe/Paris] PHP Warning:  require_once(Controller/index.php): failed to open stream: No such file or directory in /home/UNIV-LYON1/p1505963/public_html/S3/PHP/index.php on line 29
[17-Feb-2017 10:31:06 Europe/Paris] PHP Fatal error:  require_once(): Failed opening required 'Controller/index.php' (include_path='.:/usr/share/php:/usr/share/pear') in /home/UNIV-LYON1/p1505963/public_html/S3/PHP/index.php on line 29
[17-Feb-2017 10:32:35 Europe/Paris] PHP Warning:  require_once(Controller/index.php): failed to open stream: No such file or directory in /home/UNIV-LYON1/p1505963/public_html/S3/PHP/index.php on line 29
[17-Feb-2017 10:32:35 Europe/Paris] PHP Fatal error:  require_once(): Failed opening required 'Controller/index.php' (include_path='.:/usr/share/php:/usr/share/pear') in /home/UNIV-LYON1/p1505963/public_html/S3/PHP/index.php on line 29
[17-Feb-2017 10:34:07 Europe/Paris] PHP Notice:  Use of undefined constant LOGO - assumed 'LOGO' in /home/UNIV-LYON1/p1505963/public_html/S3/PHP/Vue/header.php on line 29
[17-Feb-2017 10:34:07 Europe/Paris] PHP Notice:  Use of undefined constant LOGO - assumed 'LOGO' in /home/UNIV-LYON1/p1505963/public_html/S3/PHP/Vue/header.php on line 29
[17-Feb-2017 10:34:07 Europe/Paris] PHP Notice:  Undefined variable: itresite in /home/UNIV-LYON1/p1505963/public_html/S3/PHP/Vue/header.php on line 32
[17-Feb-2017 10:34:07 Europe/Paris] PHP Notice:  Use of undefined constant PATH_VIEWS - assumed 'PATH_VIEWS' in /home/UNIV-LYON1/p1505963/public_html/S3/PHP/Vue/header.php on line 38
[17-Feb-2017 10:34:07 Europe/Paris] PHP Notice:  Use of undefined constant MENU - assumed 'MENU' in /home/UNIV-LYON1/p1505963/public_html/S3/PHP/Vue/header.php on line 38
[17-Feb-2017 10:34:07 Europe/Paris] PHP Warning:  include(PATH_VIEWSMENU): failed to open stream: No such file or directory in /home/UNIV-LYON1/p1505963/public_html/S3/PHP/Vue/header.php on line 38
[17-Feb-2017 10:34:07 Europe/Paris] PHP Warning:  include(): Failed opening 'PATH_VIEWSMENU' for inclusion (include_path='.:/usr/share/php:/usr/share/pear') in /home/UNIV-LYON1/p1505963/public_html/S3/PHP/Vue/header.php on line 38
[17-Feb-2017 10:34:07 Europe/Paris] PHP Notice:  Undefined variable: base in /home/UNIV-LYON1/p1505963/public_html/S3/PHP/index.php on line 31
[17-Feb-2017 10:34:07 Europe/Paris] PHP Fatal error:  Call to a member function __destruct() on a non-object in /home/UNIV-LYON1/p1505963/public_html/S3/PHP/index.php on line 31
[17-Feb-2017 10:35:57 Europe/Paris] PHP Parse error:  syntax error, unexpected 'require_once' (T_REQUIRE_ONCE), expecting ',' or ';' in /home/UNIV-LYON1/p1505963/public_html/S3/PHP/Controller/index.php on line 4
[17-Feb-2017 10:38:31 Europe/Paris] PHP Notice:  Use of undefined constant LOGO - assumed 'LOGO' in /home/UNIV-LYON1/p1505963/public_html/S3/PHP/Vue/header.php on line 29
[17-Feb-2017 10:38:31 Europe/Paris] PHP Notice:  Use of undefined constant LOGO - assumed 'LOGO' in /home/UNIV-LYON1/p1505963/public_html/S3/PHP/Vue/header.php on line 29
[17-Feb-2017 10:38:31 Europe/Paris] PHP Notice:  Undefined variable: itresite in /home/UNIV-LYON1/p1505963/public_html/S3/PHP/Vue/header.php on line 32
[17-Feb-2017 10:38:31 Europe/Paris] PHP Notice:  Use of undefined constant PATH_VIEWS - assumed 'PATH_VIEWS' in /home/UNIV-LYON1/p1505963/public_html/S3/PHP/Vue/header.php on line 38
[17-Feb-2017 10:38:31 Europe/Paris] PHP Notice:  Use of undefined constant MENU - assumed 'MENU' in /home/UNIV-LYON1/p1505963/public_html/S3/PHP/Vue/header.php on line 38
[17-Feb-2017 10:38:31 Europe/Paris] PHP Warning:  include(PATH_VIEWSMENU): failed to open stream: No such file or directory in /home/UNIV-LYON1/p1505963/public_html/S3/PHP/Vue/header.php on line 38
[17-Feb-2017 10:38:31 Europe/Paris] PHP Warning:  include(): Failed opening 'PATH_VIEWSMENU' for inclusion (include_path='.:/usr/share/php:/usr/share/pear') in /home/UNIV-LYON1/p1505963/public_html/S3/PHP/Vue/header.php on line 38
[17-Feb-2017 10:38:31 Europe/Paris] PHP Notice:  Use of undefined constant MON_SITE - assumed 'MON_SITE' in /home/UNIV-LYON1/p1505963/public_html/S3/PHP/Controller/index.php on line 3
[17-Feb-2017 10:38:31 Europe/Paris] PHP Notice:  Undefined variable: base in /home/UNIV-LYON1/p1505963/public_html/S3/PHP/index.php on line 31
[17-Feb-2017 10:38:31 Europe/Paris] PHP Fatal error:  Call to a member function __destruct() on a non-object in /home/UNIV-LYON1/p1505963/public_html/S3/PHP/index.php on line 31
[17-Feb-2017 10:39:43 Europe/Paris] PHP Notice:  Undefined variable: itresite in /home/UNIV-LYON1/p1505963/public_html/S3/PHP/Vue/header.php on line 32
[17-Feb-2017 10:39:43 Europe/Paris] PHP Notice:  Use of undefined constant PATH_VIEWS - assumed 'PATH_VIEWS' in /home/UNIV-LYON1/p1505963/public_html/S3/PHP/Vue/header.php on line 38
[17-Feb-2017 10:39:43 Europe/Paris] PHP Notice:  Use of undefined constant MENU - assumed 'MENU' in /home/UNIV-LYON1/p1505963/public_html/S3/PHP/Vue/header.php on line 38
[17-Feb-2017 10:39:43 Europe/Paris] PHP Warning:  include(PATH_VIEWSMENU): failed to open stream: No such file or directory in /home/UNIV-LYON1/p1505963/public_html/S3/PHP/Vue/header.php on line 38
[17-Feb-2017 10:39:43 Europe/Paris] PHP Warning:  include(): Failed opening 'PATH_VIEWSMENU' for inclusion (include_path='.:/usr/share/php:/usr/share/pear') in /home/UNIV-LYON1/p1505963/public_html/S3/PHP/Vue/header.php on line 38
[17-Feb-2017 10:39:43 Europe/Paris] PHP Notice:  Use of undefined constant MON_SITE - assumed 'MON_SITE' in /home/UNIV-LYON1/p1505963/public_html/S3/PHP/Controller/index.php on line 3
[17-Feb-2017 10:39:43 Europe/Paris] PHP Notice:  Undefined variable: base in /home/UNIV-LYON1/p1505963/public_html/S3/PHP/index.php on line 31
[17-Feb-2017 10:39:43 Europe/Paris] PHP Fatal error:  Call to a member function __destruct() on a non-object in /home/UNIV-LYON1/p1505963/public_html/S3/PHP/index.php on line 31
[17-Feb-2017 10:39:45 Europe/Paris] PHP Notice:  Undefined variable: itresite in /home/UNIV-LYON1/p1505963/public_html/S3/PHP/Vue/header.php on line 32
[17-Feb-2017 10:39:45 Europe/Paris] PHP Notice:  Use of undefined constant PATH_VIEWS - assumed 'PATH_VIEWS' in /home/UNIV-LYON1/p1505963/public_html/S3/PHP/Vue/header.php on line 38
[17-Feb-2017 10:39:45 Europe/Paris] PHP Notice:  Use of undefined constant MENU - assumed 'MENU' in /home/UNIV-LYON1/p1505963/public_html/S3/PHP/Vue/header.php on line 38
[17-Feb-2017 10:39:45 Europe/Paris] PHP Warning:  include(PATH_VIEWSMENU): failed to open stream: No such file or directory in /home/UNIV-LYON1/p1505963/public_html/S3/PHP/Vue/header.php on line 38
[17-Feb-2017 10:39:45 Europe/Paris] PHP Warning:  include(): Failed opening 'PATH_VIEWSMENU' for inclusion (include_path='.:/usr/share/php:/usr/share/pear') in /home/UNIV-LYON1/p1505963/public_html/S3/PHP/Vue/header.php on line 38
[17-Feb-2017 10:39:45 Europe/Paris] PHP Notice:  Use of undefined constant MON_SITE - assumed 'MON_SITE' in /home/UNIV-LYON1/p1505963/public_html/S3/PHP/Controller/index.php on line 3
[17-Feb-2017 10:39:45 Europe/Paris] PHP Notice:  Undefined variable: base in /home/UNIV-LYON1/p1505963/public_html/S3/PHP/index.php on line 31
[17-Feb-2017 10:39:45 Europe/Paris] PHP Fatal error:  Call to a member function __destruct() on a non-object in /home/UNIV-LYON1/p1505963/public_html/S3/PHP/index.php on line 31
[17-Feb-2017 10:39:48 Europe/Paris] PHP Notice:  Undefined variable: itresite in /home/UNIV-LYON1/p1505963/public_html/S3/PHP/Vue/header.php on line 32
[17-Feb-2017 10:39:48 Europe/Paris] PHP Notice:  Use of undefined constant PATH_VIEWS - assumed 'PATH_VIEWS' in /home/UNIV-LYON1/p1505963/public_html/S3/PHP/Vue/header.php on line 38
[17-Feb-2017 10:39:48 Europe/Paris] PHP Notice:  Use of undefined constant MENU - assumed 'MENU' in /home/UNIV-LYON1/p1505963/public_html/S3/PHP/Vue/header.php on line 38
[17-Feb-2017 10:39:48 Europe/Paris] PHP Warning:  include(PATH_VIEWSMENU): failed to open stream: No such file or directory in /home/UNIV-LYON1/p1505963/public_html/S3/PHP/Vue/header.php on line 38
[17-Feb-2017 10:39:48 Europe/Paris] PHP Warning:  include(): Failed opening 'PATH_VIEWSMENU' for inclusion (include_path='.:/usr/share/php:/usr/share/pear') in /home/UNIV-LYON1/p1505963/public_html/S3/PHP/Vue/header.php on line 38
[17-Feb-2017 10:39:48 Europe/Paris] PHP Notice:  Use of undefined constant MON_SITE - assumed 'MON_SITE' in /home/UNIV-LYON1/p1505963/public_html/S3/PHP/Controller/index.php on line 3
[17-Feb-2017 10:39:48 Europe/Paris] PHP Notice:  Undefined variable: base in /home/UNIV-LYON1/p1505963/public_html/S3/PHP/index.php on line 31
[17-Feb-2017 10:39:48 Europe/Paris] PHP Fatal error:  Call to a member function __destruct() on a non-object in /home/UNIV-LYON1/p1505963/public_html/S3/PHP/index.php on line 31
[17-Feb-2017 10:39:59 Europe/Paris] PHP Notice:  Undefined variable: itresite in /home/UNIV-LYON1/p1505963/public_html/S3/PHP/Vue/header.php on line 32
[17-Feb-2017 10:39:59 Europe/Paris] PHP Notice:  Use of undefined constant PATH_VIEWS - assumed 'PATH_VIEWS' in /home/UNIV-LYON1/p1505963/public_html/S3/PHP/Vue/header.php on line 38
[17-Feb-2017 10:39:59 Europe/Paris] PHP Notice:  Use of undefined constant MENU - assumed 'MENU' in /home/UNIV-LYON1/p1505963/public_html/S3/PHP/Vue/header.php on line 38
[17-Feb-2017 10:39:59 Europe/Paris] PHP Warning:  include(PATH_VIEWSMENU): failed to open stream: No such file or directory in /home/UNIV-LYON1/p1505963/public_html/S3/PHP/Vue/header.php on line 38
[17-Feb-2017 10:39:59 Europe/Paris] PHP Warning:  include(): Failed opening 'PATH_VIEWSMENU' for inclusion (include_path='.:/usr/share/php:/usr/share/pear') in /home/UNIV-LYON1/p1505963/public_html/S3/PHP/Vue/header.php on line 38
[17-Feb-2017 10:39:59 Europe/Paris] PHP Notice:  Use of undefined constant MON_SITE - assumed 'MON_SITE' in /home/UNIV-LYON1/p1505963/public_html/S3/PHP/Controller/index.php on line 3
[17-Feb-2017 10:39:59 Europe/Paris] PHP Notice:  Undefined variable: base in /home/UNIV-LYON1/p1505963/public_html/S3/PHP/index.php on line 31
[17-Feb-2017 10:39:59 Europe/Paris] PHP Fatal error:  Call to a member function __destruct() on a non-object in /home/UNIV-LYON1/p1505963/public_html/S3/PHP/index.php on line 31
[17-Feb-2017 10:40:16 Europe/Paris] PHP Notice:  Undefined variable: itresite in /home/UNIV-LYON1/p1505963/public_html/S3/PHP/Vue/header.php on line 32
[17-Feb-2017 10:40:16 Europe/Paris] PHP Notice:  Use of undefined constant PATH_VIEWS - assumed 'PATH_VIEWS' in /home/UNIV-LYON1/p1505963/public_html/S3/PHP/Vue/header.php on line 38
[17-Feb-2017 10:40:16 Europe/Paris] PHP Notice:  Use of undefined constant MENU - assumed 'MENU' in /home/UNIV-LYON1/p1505963/public_html/S3/PHP/Vue/header.php on line 38
[17-Feb-2017 10:40:16 Europe/Paris] PHP Warning:  include(PATH_VIEWSMENU): failed to open stream: No such file or directory in /home/UNIV-LYON1/p1505963/public_html/S3/PHP/Vue/header.php on line 38
[17-Feb-2017 10:40:16 Europe/Paris] PHP Warning:  include(): Failed opening 'PATH_VIEWSMENU' for inclusion (include_path='.:/usr/share/php:/usr/share/pear') in /home/UNIV-LYON1/p1505963/public_html/S3/PHP/Vue/header.php on line 38
[17-Feb-2017 10:40:16 Europe/Paris] PHP Notice:  Use of undefined constant MON_SITE - assumed 'MON_SITE' in /home/UNIV-LYON1/p1505963/public_html/S3/PHP/Controller/index.php on line 3
[17-Feb-2017 10:40:16 Europe/Paris] PHP Notice:  Undefined variable: base in /home/UNIV-LYON1/p1505963/public_html/S3/PHP/index.php on line 31
[17-Feb-2017 10:40:16 Europe/Paris] PHP Fatal error:  Call to a member function __destruct() on a non-object in /home/UNIV-LYON1/p1505963/public_html/S3/PHP/index.php on line 31
[17-Feb-2017 10:40:44 Europe/Paris] PHP Notice:  Undefined variable: itresite in /home/UNIV-LYON1/p1505963/public_html/S3/PHP/Vue/header.php on line 32
[17-Feb-2017 10:40:44 Europe/Paris] PHP Notice:  Use of undefined constant PATH_VUES - assumed 'PATH_VUES' in /home/UNIV-LYON1/p1505963/public_html/S3/PHP/Vue/header.php on line 38
[17-Feb-2017 10:40:44 Europe/Paris] PHP Notice:  Use of undefined constant MENU - assumed 'MENU' in /home/UNIV-LYON1/p1505963/public_html/S3/PHP/Vue/header.php on line 38
[17-Feb-2017 10:40:44 Europe/Paris] PHP Warning:  include(PATH_VUESMENU): failed to open stream: No such file or directory in /home/UNIV-LYON1/p1505963/public_html/S3/PHP/Vue/header.php on line 38
[17-Feb-2017 10:40:44 Europe/Paris] PHP Warning:  include(): Failed opening 'PATH_VUESMENU' for inclusion (include_path='.:/usr/share/php:/usr/share/pear') in /home/UNIV-LYON1/p1505963/public_html/S3/PHP/Vue/header.php on line 38
[17-Feb-2017 10:40:44 Europe/Paris] PHP Notice:  Use of undefined constant MON_SITE - assumed 'MON_SITE' in /home/UNIV-LYON1/p1505963/public_html/S3/PHP/Controller/index.php on line 3
[17-Feb-2017 10:40:44 Europe/Paris] PHP Notice:  Undefined variable: base in /home/UNIV-LYON1/p1505963/public_html/S3/PHP/index.php on line 31
[17-Feb-2017 10:40:44 Europe/Paris] PHP Fatal error:  Call to a member function __destruct() on a non-object in /home/UNIV-LYON1/p1505963/public_html/S3/PHP/index.php on line 31
[17-Feb-2017 10:42:08 Europe/Paris] PHP Notice:  Use of undefined constant MON_SITE - assumed 'MON_SITE' in /home/UNIV-LYON1/p1505963/public_html/S3/PHP/Vue/header.php on line 32
[17-Feb-2017 10:42:08 Europe/Paris] PHP Notice:  Use of undefined constant PATH_VUES - assumed 'PATH_VUES' in /home/UNIV-LYON1/p1505963/public_html/S3/PHP/Vue/header.php on line 38
[17-Feb-2017 10:42:08 Europe/Paris] PHP Notice:  Use of undefined constant MENU - assumed 'MENU' in /home/UNIV-LYON1/p1505963/public_html/S3/PHP/Vue/header.php on line 38
[17-Feb-2017 10:42:08 Europe/Paris] PHP Warning:  include(PATH_VUESMENU): failed to open stream: No such file or directory in /home/UNIV-LYON1/p1505963/public_html/S3/PHP/Vue/header.php on line 38
[17-Feb-2017 10:42:08 Europe/Paris] PHP Warning:  include(): Failed opening 'PATH_VUESMENU' for inclusion (include_path='.:/usr/share/php:/usr/share/pear') in /home/UNIV-LYON1/p1505963/public_html/S3/PHP/Vue/header.php on line 38
[17-Feb-2017 10:42:08 Europe/Paris] PHP Notice:  Use of undefined constant MON_SITE - assumed 'MON_SITE' in /home/UNIV-LYON1/p1505963/public_html/S3/PHP/Controller/index.php on line 3
[17-Feb-2017 10:42:08 Europe/Paris] PHP Notice:  Undefined variable: base in /home/UNIV-LYON1/p1505963/public_html/S3/PHP/index.php on line 31
[17-Feb-2017 10:42:08 Europe/Paris] PHP Fatal error:  Call to a member function __destruct() on a non-object in /home/UNIV-LYON1/p1505963/public_html/S3/PHP/index.php on line 31
[17-Feb-2017 10:42:24 Europe/Paris] PHP Notice:  Use of undefined constant NOM_SITE - assumed 'NOM_SITE' in /home/UNIV-LYON1/p1505963/public_html/S3/PHP/index.php on line 8
[17-Feb-2017 10:42:24 Europe/Paris] PHP Notice:  Use of undefined constant PATH_VUES - assumed 'PATH_VUES' in /home/UNIV-LYON1/p1505963/public_html/S3/PHP/Vue/header.php on line 38
[17-Feb-2017 10:42:24 Europe/Paris] PHP Notice:  Use of undefined constant MENU - assumed 'MENU' in /home/UNIV-LYON1/p1505963/public_html/S3/PHP/Vue/header.php on line 38
[17-Feb-2017 10:42:24 Europe/Paris] PHP Warning:  include(PATH_VUESMENU): failed to open stream: No such file or directory in /home/UNIV-LYON1/p1505963/public_html/S3/PHP/Vue/header.php on line 38
[17-Feb-2017 10:42:24 Europe/Paris] PHP Warning:  include(): Failed opening 'PATH_VUESMENU' for inclusion (include_path='.:/usr/share/php:/usr/share/pear') in /home/UNIV-LYON1/p1505963/public_html/S3/PHP/Vue/header.php on line 38
[17-Feb-2017 10:42:24 Europe/Paris] PHP Notice:  Undefined variable: base in /home/UNIV-LYON1/p1505963/public_html/S3/PHP/index.php on line 31
[17-Feb-2017 10:42:24 Europe/Paris] PHP Fatal error:  Call to a member function __destruct() on a non-object in /home/UNIV-LYON1/p1505963/public_html/S3/PHP/index.php on line 31
[17-Feb-2017 10:42:43 Europe/Paris] PHP Parse error:  syntax error, unexpected 'function' (T_FUNCTION), expecting ',' or ';' in /home/UNIV-LYON1/p1505963/public_html/S3/PHP/index.php on line 14
[17-Feb-2017 10:42:59 Europe/Paris] PHP Notice:  Use of undefined constant PATH_VUES - assumed 'PATH_VUES' in /home/UNIV-LYON1/p1505963/public_html/S3/PHP/Vue/header.php on line 38
[17-Feb-2017 10:42:59 Europe/Paris] PHP Notice:  Use of undefined constant MENU - assumed 'MENU' in /home/UNIV-LYON1/p1505963/public_html/S3/PHP/Vue/header.php on line 38
[17-Feb-2017 10:42:59 Europe/Paris] PHP Warning:  include(PATH_VUESMENU): failed to open stream: No such file or directory in /home/UNIV-LYON1/p1505963/public_html/S3/PHP/Vue/header.php on line 38
[17-Feb-2017 10:42:59 Europe/Paris] PHP Warning:  include(): Failed opening 'PATH_VUESMENU' for inclusion (include_path='.:/usr/share/php:/usr/share/pear') in /home/UNIV-LYON1/p1505963/public_html/S3/PHP/Vue/header.php on line 38
[17-Feb-2017 10:42:59 Europe/Paris] PHP Notice:  Undefined variable: base in /home/UNIV-LYON1/p1505963/public_html/S3/PHP/index.php on line 33
[17-Feb-2017 10:42:59 Europe/Paris] PHP Fatal error:  Call to a member function __destruct() on a non-object in /home/UNIV-LYON1/p1505963/public_html/S3/PHP/index.php on line 33
[17-Feb-2017 10:44:35 Europe/Paris] PHP Notice:  Use of undefined constant MENU - assumed 'MENU' in /home/UNIV-LYON1/p1505963/public_html/S3/PHP/Vue/header.php on line 38
[17-Feb-2017 10:44:35 Europe/Paris] PHP Warning:  include(Vue/MENU): failed to open stream: No such file or directory in /home/UNIV-LYON1/p1505963/public_html/S3/PHP/Vue/header.php on line 38
[17-Feb-2017 10:44:35 Europe/Paris] PHP Warning:  include(): Failed opening 'Vue/MENU' for inclusion (include_path='.:/usr/share/php:/usr/share/pear') in /home/UNIV-LYON1/p1505963/public_html/S3/PHP/Vue/header.php on line 38
[17-Feb-2017 10:44:35 Europe/Paris] PHP Notice:  Undefined variable: base in /home/UNIV-LYON1/p1505963/public_html/S3/PHP/index.php on line 33
[17-Feb-2017 10:44:35 Europe/Paris] PHP Fatal error:  Call to a member function __destruct() on a non-object in /home/UNIV-LYON1/p1505963/public_html/S3/PHP/index.php on line 33
[17-Feb-2017 10:45:18 Europe/Paris] PHP Notice:  Undefined variable: base in /home/UNIV-LYON1/p1505963/public_html/S3/PHP/index.php on line 33
[17-Feb-2017 10:45:18 Europe/Paris] PHP Fatal error:  Call to a member function __destruct() on a non-object in /home/UNIV-LYON1/p1505963/public_html/S3/PHP/index.php on line 33
[17-Feb-2017 10:45:44 Europe/Paris] PHP Notice:  Undefined variable: base in /home/UNIV-LYON1/p1505963/public_html/S3/PHP/index.php on line 33
[17-Feb-2017 10:45:44 Europe/Paris] PHP Fatal error:  Call to a member function __destruct() on a non-object in /home/UNIV-LYON1/p1505963/public_html/S3/PHP/index.php on line 33
[17-Feb-2017 11:08:26 Europe/Paris] PHP Parse error:  syntax error, unexpected 'function_construc' (T_STRING), expecting function (T_FUNCTION) in /home/UNIV-LYON1/p1505963/public_html/S3/PHP/Lib/base.php on line 6
[17-Feb-2017 11:08:44 Europe/Paris] PHP Parse error:  syntax error, unexpected 'function_construc' (T_STRING), expecting function (T_FUNCTION) in /home/UNIV-LYON1/p1505963/public_html/S3/PHP/Lib/base.php on line 6
[17-Feb-2017 11:08:45 Europe/Paris] PHP Parse error:  syntax error, unexpected 'function_construc' (T_STRING), expecting function (T_FUNCTION) in /home/UNIV-LYON1/p1505963/public_html/S3/PHP/Lib/base.php on line 6
[17-Feb-2017 11:08:45 Europe/Paris] PHP Parse error:  syntax error, unexpected 'function_construc' (T_STRING), expecting function (T_FUNCTION) in /home/UNIV-LYON1/p1505963/public_html/S3/PHP/Lib/base.php on line 6
[17-Feb-2017 11:08:45 Europe/Paris] PHP Parse error:  syntax error, unexpected 'function_construc' (T_STRING), expecting function (T_FUNCTION) in /home/UNIV-LYON1/p1505963/public_html/S3/PHP/Lib/base.php on line 6
[17-Feb-2017 11:08:46 Europe/Paris] PHP Parse error:  syntax error, unexpected 'function_construc' (T_STRING), expecting function (T_FUNCTION) in /home/UNIV-LYON1/p1505963/public_html/S3/PHP/Lib/base.php on line 6
[17-Feb-2017 11:08:46 Europe/Paris] PHP Parse error:  syntax error, unexpected 'function_construc' (T_STRING), expecting function (T_FUNCTION) in /home/UNIV-LYON1/p1505963/public_html/S3/PHP/Lib/base.php on line 6
[17-Feb-2017 11:08:46 Europe/Paris] PHP Parse error:  syntax error, unexpected 'function_construc' (T_STRING), expecting function (T_FUNCTION) in /home/UNIV-LYON1/p1505963/public_html/S3/PHP/Lib/base.php on line 6
[17-Feb-2017 11:08:46 Europe/Paris] PHP Parse error:  syntax error, unexpected 'function_construc' (T_STRING), expecting function (T_FUNCTION) in /home/UNIV-LYON1/p1505963/public_html/S3/PHP/Lib/base.php on line 6
[17-Feb-2017 11:08:46 Europe/Paris] PHP Parse error:  syntax error, unexpected 'function_construc' (T_STRING), expecting function (T_FUNCTION) in /home/UNIV-LYON1/p1505963/public_html/S3/PHP/Lib/base.php on line 6
[17-Feb-2017 11:08:47 Europe/Paris] PHP Parse error:  syntax error, unexpected 'function_construc' (T_STRING), expecting function (T_FUNCTION) in /home/UNIV-LYON1/p1505963/public_html/S3/PHP/Lib/base.php on line 6
[17-Feb-2017 11:08:47 Europe/Paris] PHP Parse error:  syntax error, unexpected 'function_construc' (T_STRING), expecting function (T_FUNCTION) in /home/UNIV-LYON1/p1505963/public_html/S3/PHP/Lib/base.php on line 6
[17-Feb-2017 11:08:47 Europe/Paris] PHP Parse error:  syntax error, unexpected 'function_construc' (T_STRING), expecting function (T_FUNCTION) in /home/UNIV-LYON1/p1505963/public_html/S3/PHP/Lib/base.php on line 6
[17-Feb-2017 11:08:47 Europe/Paris] PHP Parse error:  syntax error, unexpected 'function_construc' (T_STRING), expecting function (T_FUNCTION) in /home/UNIV-LYON1/p1505963/public_html/S3/PHP/Lib/base.php on line 6
[17-Feb-2017 11:08:47 Europe/Paris] PHP Parse error:  syntax error, unexpected 'function_construc' (T_STRING), expecting function (T_FUNCTION) in /home/UNIV-LYON1/p1505963/public_html/S3/PHP/Lib/base.php on line 6
[17-Feb-2017 11:09:05 Europe/Paris] PHP Parse error:  syntax error, unexpected 'function_construct' (T_STRING), expecting function (T_FUNCTION) in /home/UNIV-LYON1/p1505963/public_html/S3/PHP/Lib/base.php on line 6
[17-Feb-2017 11:09:06 Europe/Paris] PHP Parse error:  syntax error, unexpected 'function_construct' (T_STRING), expecting function (T_FUNCTION) in /home/UNIV-LYON1/p1505963/public_html/S3/PHP/Lib/base.php on line 6
[17-Feb-2017 11:09:57 Europe/Paris] PHP Parse error:  syntax error, unexpected 'function_construct' (T_STRING), expecting function (T_FUNCTION) in /home/UNIV-LYON1/p1505963/public_html/S3/PHP/Lib/base.php on line 6
[17-Feb-2017 11:09:57 Europe/Paris] PHP Parse error:  syntax error, unexpected 'function_construct' (T_STRING), expecting function (T_FUNCTION) in /home/UNIV-LYON1/p1505963/public_html/S3/PHP/Lib/base.php on line 6
[17-Feb-2017 11:09:58 Europe/Paris] PHP Parse error:  syntax error, unexpected 'function_construct' (T_STRING), expecting function (T_FUNCTION) in /home/UNIV-LYON1/p1505963/public_html/S3/PHP/Lib/base.php on line 6
[17-Feb-2017 11:09:58 Europe/Paris] PHP Parse error:  syntax error, unexpected 'function_construct' (T_STRING), expecting function (T_FUNCTION) in /home/UNIV-LYON1/p1505963/public_html/S3/PHP/Lib/base.php on line 6
[17-Feb-2017 11:09:58 Europe/Paris] PHP Parse error:  syntax error, unexpected 'function_construct' (T_STRING), expecting function (T_FUNCTION) in /home/UNIV-LYON1/p1505963/public_html/S3/PHP/Lib/base.php on line 6
[17-Feb-2017 11:09:58 Europe/Paris] PHP Parse error:  syntax error, unexpected 'function_construct' (T_STRING), expecting function (T_FUNCTION) in /home/UNIV-LYON1/p1505963/public_html/S3/PHP/Lib/base.php on line 6
[17-Feb-2017 11:09:58 Europe/Paris] PHP Parse error:  syntax error, unexpected 'function_construct' (T_STRING), expecting function (T_FUNCTION) in /home/UNIV-LYON1/p1505963/public_html/S3/PHP/Lib/base.php on line 6
[17-Feb-2017 11:09:58 Europe/Paris] PHP Parse error:  syntax error, unexpected 'function_construct' (T_STRING), expecting function (T_FUNCTION) in /home/UNIV-LYON1/p1505963/public_html/S3/PHP/Lib/base.php on line 6
[17-Feb-2017 11:09:59 Europe/Paris] PHP Parse error:  syntax error, unexpected 'function_construct' (T_STRING), expecting function (T_FUNCTION) in /home/UNIV-LYON1/p1505963/public_html/S3/PHP/Lib/base.php on line 6
[17-Feb-2017 11:15:52 Europe/Paris] PHP Parse error:  syntax error, unexpected 'function_construct' (T_STRING), expecting function (T_FUNCTION) in /home/UNIV-LYON1/p1505963/public_html/S3/PHP/Lib/base.php on line 6
[17-Feb-2017 11:15:53 Europe/Paris] PHP Parse error:  syntax error, unexpected 'function_construct' (T_STRING), expecting function (T_FUNCTION) in /home/UNIV-LYON1/p1505963/public_html/S3/PHP/Lib/base.php on line 6
[17-Feb-2017 11:19:30 Europe/Paris] PHP Parse error:  syntax error, unexpected 'function_destruct' (T_STRING), expecting variable (T_VARIABLE) in /home/UNIV-LYON1/p1505963/public_html/S3/PHP/Lib/base.php on line 11
[17-Feb-2017 11:19:31 Europe/Paris] PHP Parse error:  syntax error, unexpected 'function_destruct' (T_STRING), expecting variable (T_VARIABLE) in /home/UNIV-LYON1/p1505963/public_html/S3/PHP/Lib/base.php on line 11
[17-Feb-2017 11:19:32 Europe/Paris] PHP Parse error:  syntax error, unexpected 'function_destruct' (T_STRING), expecting variable (T_VARIABLE) in /home/UNIV-LYON1/p1505963/public_html/S3/PHP/Lib/base.php on line 11
[17-Feb-2017 11:19:32 Europe/Paris] PHP Parse error:  syntax error, unexpected 'function_destruct' (T_STRING), expecting variable (T_VARIABLE) in /home/UNIV-LYON1/p1505963/public_html/S3/PHP/Lib/base.php on line 11
[17-Feb-2017 11:19:32 Europe/Paris] PHP Parse error:  syntax error, unexpected 'function_destruct' (T_STRING), expecting variable (T_VARIABLE) in /home/UNIV-LYON1/p1505963/public_html/S3/PHP/Lib/base.php on line 11
[17-Feb-2017 11:19:32 Europe/Paris] PHP Parse error:  syntax error, unexpected 'function_destruct' (T_STRING), expecting variable (T_VARIABLE) in /home/UNIV-LYON1/p1505963/public_html/S3/PHP/Lib/base.php on line 11
[17-Feb-2017 11:19:32 Europe/Paris] PHP Parse error:  syntax error, unexpected 'function_destruct' (T_STRING), expecting variable (T_VARIABLE) in /home/UNIV-LYON1/p1505963/public_html/S3/PHP/Lib/base.php on line 11
[17-Feb-2017 11:19:32 Europe/Paris] PHP Parse error:  syntax error, unexpected 'function_destruct' (T_STRING), expecting variable (T_VARIABLE) in /home/UNIV-LYON1/p1505963/public_html/S3/PHP/Lib/base.php on line 11
[17-Feb-2017 11:19:33 Europe/Paris] PHP Parse error:  syntax error, unexpected 'function_destruct' (T_STRING), expecting variable (T_VARIABLE) in /home/UNIV-LYON1/p1505963/public_html/S3/PHP/Lib/base.php on line 11
[17-Feb-2017 11:19:33 Europe/Paris] PHP Parse error:  syntax error, unexpected 'function_destruct' (T_STRING), expecting variable (T_VARIABLE) in /home/UNIV-LYON1/p1505963/public_html/S3/PHP/Lib/base.php on line 11
[17-Feb-2017 11:19:33 Europe/Paris] PHP Parse error:  syntax error, unexpected 'function_destruct' (T_STRING), expecting variable (T_VARIABLE) in /home/UNIV-LYON1/p1505963/public_html/S3/PHP/Lib/base.php on line 11
[17-Feb-2017 11:19:37 Europe/Paris] PHP Fatal error:  Call to undefined function requirce_once() in /home/UNIV-LYON1/p1505963/public_html/S3/PHP/Lib/base.php on line 2
[17-Feb-2017 11:19:46 Europe/Paris] PHP Warning:  require_once(Lib/SecureKey/SecureKey.php): failed to open stream: No such file or directory in /home/UNIV-LYON1/p1505963/public_html/S3/PHP/Lib/base.php on line 2
[17-Feb-2017 11:19:46 Europe/Paris] PHP Fatal error:  require_once(): Failed opening required 'Lib/SecureKey/SecureKey.php' (include_path='.:/usr/share/php:/usr/share/pear') in /home/UNIV-LYON1/p1505963/public_html/S3/PHP/Lib/base.php on line 2
[17-Feb-2017 11:20:05 Europe/Paris] PHP Fatal error:  Call to undefined method base::__destruct() in /home/UNIV-LYON1/p1505963/public_html/S3/PHP/index.php on line 35
[03-Mar-2017 00:32:07 Europe/Paris] PHP Notice:  Use of undefined constant LABEL_IDENTIFIANT - assumed 'LABEL_IDENTIFIANT' in /home/UNIV-LYON1/p1505963/public_html/S3/PHP/Vue/menu.php on line 19
[03-Mar-2017 00:32:07 Europe/Paris] PHP Notice:  Use of undefined constant LABEL_PASSWORD - assumed 'LABEL_PASSWORD' in /home/UNIV-LYON1/p1505963/public_html/S3/PHP/Vue/menu.php on line 22
[03-Mar-2017 00:32:07 Europe/Paris] PHP Notice:  Use of undefined constant BOUTON_CONNEXION - assumed 'BOUTON_CONNEXION' in /home/UNIV-LYON1/p1505963/public_html/S3/PHP/Vue/menu.php on line 24
[03-Mar-2017 00:32:07 Europe/Paris] PHP Fatal error:  Call to undefined method base::__destruct() in /home/UNIV-LYON1/p1505963/public_html/S3/PHP/index.php on line 35
[03-Mar-2017 08:05:07 Europe/Paris] PHP Notice:  Use of undefined constant LABEL_IDENTIFIANT - assumed 'LABEL_IDENTIFIANT' in /home/UNIV-LYON1/p1505963/public_html/S3/PHP/Vue/menu.php on line 19
[03-Mar-2017 08:05:07 Europe/Paris] PHP Notice:  Use of undefined constant LABEL_PASSWORD - assumed 'LABEL_PASSWORD' in /home/UNIV-LYON1/p1505963/public_html/S3/PHP/Vue/menu.php on line 22
[03-Mar-2017 08:05:07 Europe/Paris] PHP Notice:  Use of undefined constant BOUTON_CONNEXION - assumed 'BOUTON_CONNEXION' in /home/UNIV-LYON1/p1505963/public_html/S3/PHP/Vue/menu.php on line 24
[03-Mar-2017 08:05:07 Europe/Paris] PHP Fatal error:  Call to undefined method base::__destruct() in /home/UNIV-LYON1/p1505963/public_html/S3/PHP/index.php on line 35
[03-Mar-2017 08:10:06 Europe/Paris] PHP Notice:  Use of undefined constant LABEL_IDENTIFIANT - assumed 'LABEL_IDENTIFIANT' in /home/UNIV-LYON1/p1505963/public_html/S3/PHP/Vue/menu.php on line 19
[03-Mar-2017 08:10:06 Europe/Paris] PHP Notice:  Use of undefined constant LABEL_PASSWORD - assumed 'LABEL_PASSWORD' in /home/UNIV-LYON1/p1505963/public_html/S3/PHP/Vue/menu.php on line 22
[03-Mar-2017 08:10:06 Europe/Paris] PHP Notice:  Use of undefined constant BOUTON_CONNEXION - assumed 'BOUTON_CONNEXION' in /home/UNIV-LYON1/p1505963/public_html/S3/PHP/Vue/menu.php on line 24
[03-Mar-2017 08:10:06 Europe/Paris] PHP Fatal error:  Call to undefined method base::__destruct() in /home/UNIV-LYON1/p1505963/public_html/S3/PHP/index.php on line 35
[03-Mar-2017 08:10:07 Europe/Paris] PHP Notice:  Use of undefined constant LABEL_IDENTIFIANT - assumed 'LABEL_IDENTIFIANT' in /home/UNIV-LYON1/p1505963/public_html/S3/PHP/Vue/menu.php on line 19
[03-Mar-2017 08:10:07 Europe/Paris] PHP Notice:  Use of undefined constant LABEL_PASSWORD - assumed 'LABEL_PASSWORD' in /home/UNIV-LYON1/p1505963/public_html/S3/PHP/Vue/menu.php on line 22
[03-Mar-2017 08:10:07 Europe/Paris] PHP Notice:  Use of undefined constant BOUTON_CONNEXION - assumed 'BOUTON_CONNEXION' in /home/UNIV-LYON1/p1505963/public_html/S3/PHP/Vue/menu.php on line 24
[03-Mar-2017 08:10:07 Europe/Paris] PHP Fatal error:  Call to undefined method base::__destruct() in /home/UNIV-LYON1/p1505963/public_html/S3/PHP/index.php on line 35
[03-Mar-2017 08:12:18 Europe/Paris] PHP Notice:  Use of undefined constant LABEL_IDENTIFIANT - assumed 'LABEL_IDENTIFIANT' in /home/UNIV-LYON1/p1505963/public_html/S3/PHP/Vue/menu.php on line 19
[03-Mar-2017 08:12:18 Europe/Paris] PHP Notice:  Use of undefined constant LABEL_PASSWORD - assumed 'LABEL_PASSWORD' in /home/UNIV-LYON1/p1505963/public_html/S3/PHP/Vue/menu.php on line 22
[03-Mar-2017 08:12:18 Europe/Paris] PHP Notice:  Use of undefined constant BOUTON_CONNEXION - assumed 'BOUTON_CONNEXION' in /home/UNIV-LYON1/p1505963/public_html/S3/PHP/Vue/menu.php on line 24
[03-Mar-2017 08:12:18 Europe/Paris] PHP Fatal error:  Call to undefined method base::__destruct() in /home/UNIV-LYON1/p1505963/public_html/S3/PHP/index.php on line 35
[03-Mar-2017 08:18:02 Europe/Paris] PHP Notice:  Use of undefined constant LABEL_IDENTIFIANT - assumed 'LABEL_IDENTIFIANT' in /home/UNIV-LYON1/p1505963/public_html/S3/PHP/Vue/menu.php on line 19
[03-Mar-2017 08:18:02 Europe/Paris] PHP Notice:  Use of undefined constant LABEL_PASSWORD - assumed 'LABEL_PASSWORD' in /home/UNIV-LYON1/p1505963/public_html/S3/PHP/Vue/menu.php on line 22
[03-Mar-2017 08:18:02 Europe/Paris] PHP Notice:  Use of undefined constant BOUTON_CONNEXION - assumed 'BOUTON_CONNEXION' in /home/UNIV-LYON1/p1505963/public_html/S3/PHP/Vue/menu.php on line 24
[03-Mar-2017 08:18:02 Europe/Paris] PHP Fatal error:  Call to undefined method base::__destruct() in /home/UNIV-LYON1/p1505963/public_html/S3/PHP/index.php on line 35
[03-Mar-2017 08:51:42 Europe/Paris] PHP Notice:  Use of undefined constant LABEL_IDENTIFIANT - assumed 'LABEL_IDENTIFIANT' in /home/UNIV-LYON1/p1505963/public_html/S3/PHP/Vue/menu.php on line 19
[03-Mar-2017 08:51:42 Europe/Paris] PHP Notice:  Use of undefined constant LABEL_PASSWORD - assumed 'LABEL_PASSWORD' in /home/UNIV-LYON1/p1505963/public_html/S3/PHP/Vue/menu.php on line 22
[03-Mar-2017 08:51:42 Europe/Paris] PHP Notice:  Use of undefined constant BOUTON_CONNEXION - assumed 'BOUTON_CONNEXION' in /home/UNIV-LYON1/p1505963/public_html/S3/PHP/Vue/menu.php on line 24
[03-Mar-2017 08:51:42 Europe/Paris] PHP Fatal error:  Call to undefined method base::__destruct() in /home/UNIV-LYON1/p1505963/public_html/S3/PHP/index.php on line 35
[03-Mar-2017 08:54:00 Europe/Paris] PHP Notice:  Use of undefined constant LABEL_IDENTIFIANT - assumed 'LABEL_IDENTIFIANT' in /home/UNIV-LYON1/p1505963/public_html/S3/PHP/Vue/menu.php on line 19
[03-Mar-2017 08:54:00 Europe/Paris] PHP Notice:  Use of undefined constant LABEL_PASSWORD - assumed 'LABEL_PASSWORD' in /home/UNIV-LYON1/p1505963/public_html/S3/PHP/Vue/menu.php on line 22
[03-Mar-2017 08:54:00 Europe/Paris] PHP Notice:  Use of undefined constant BOUTON_CONNEXION - assumed 'BOUTON_CONNEXION' in /home/UNIV-LYON1/p1505963/public_html/S3/PHP/Vue/menu.php on line 24
[03-Mar-2017 08:54:00 Europe/Paris] PHP Fatal error:  Call to undefined method base::__destruct() in /home/UNIV-LYON1/p1505963/public_html/S3/PHP/index.php on line 35
[03-Mar-2017 08:54:46 Europe/Paris] PHP Notice:  Use of undefined constant LABEL_IDENTIFIANT - assumed 'LABEL_IDENTIFIANT' in /home/UNIV-LYON1/p1505963/public_html/S3/PHP/Vue/menu.php on line 19
[03-Mar-2017 08:54:46 Europe/Paris] PHP Notice:  Use of undefined constant LABEL_PASSWORD - assumed 'LABEL_PASSWORD' in /home/UNIV-LYON1/p1505963/public_html/S3/PHP/Vue/menu.php on line 22
[03-Mar-2017 08:54:46 Europe/Paris] PHP Notice:  Use of undefined constant BOUTON_CONNEXION - assumed 'BOUTON_CONNEXION' in /home/UNIV-LYON1/p1505963/public_html/S3/PHP/Vue/menu.php on line 24
[03-Mar-2017 08:54:46 Europe/Paris] PHP Fatal error:  Call to undefined method base::__destruct() in /home/UNIV-LYON1/p1505963/public_html/S3/PHP/index.php on line 35
[03-Mar-2017 08:56:53 Europe/Paris] PHP Notice:  Use of undefined constant LABEL_IDENTIFIANT - assumed 'LABEL_IDENTIFIANT' in /home/UNIV-LYON1/p1505963/public_html/S3/PHP/Vue/menu.php on line 19
[03-Mar-2017 08:56:53 Europe/Paris] PHP Notice:  Use of undefined constant LABEL_PASSWORD - assumed 'LABEL_PASSWORD' in /home/UNIV-LYON1/p1505963/public_html/S3/PHP/Vue/menu.php on line 22
[03-Mar-2017 08:56:53 Europe/Paris] PHP Notice:  Use of undefined constant BOUTON_CONNEXION - assumed 'BOUTON_CONNEXION' in /home/UNIV-LYON1/p1505963/public_html/S3/PHP/Vue/menu.php on line 24
[03-Mar-2017 08:56:53 Europe/Paris] PHP Fatal error:  Call to undefined method base::__destruct() in /home/UNIV-LYON1/p1505963/public_html/S3/PHP/index.php on line 35
[03-Mar-2017 08:57:22 Europe/Paris] PHP Notice:  Use of undefined constant LABEL_IDENTIFIANT - assumed 'LABEL_IDENTIFIANT' in /home/UNIV-LYON1/p1505963/public_html/S3/PHP/Vue/menu.php on line 19
[03-Mar-2017 08:57:22 Europe/Paris] PHP Notice:  Use of undefined constant LABEL_PASSWORD - assumed 'LABEL_PASSWORD' in /home/UNIV-LYON1/p1505963/public_html/S3/PHP/Vue/menu.php on line 22
[03-Mar-2017 08:57:22 Europe/Paris] PHP Fatal error:  Call to undefined method base::__destruct() in /home/UNIV-LYON1/p1505963/public_html/S3/PHP/index.php on line 35
[03-Mar-2017 08:57:24 Europe/Paris] PHP Notice:  Use of undefined constant LABEL_IDENTIFIANT - assumed 'LABEL_IDENTIFIANT' in /home/UNIV-LYON1/p1505963/public_html/S3/PHP/Vue/menu.php on line 19
[03-Mar-2017 08:57:24 Europe/Paris] PHP Notice:  Use of undefined constant LABEL_PASSWORD - assumed 'LABEL_PASSWORD' in /home/UNIV-LYON1/p1505963/public_html/S3/PHP/Vue/menu.php on line 22
[03-Mar-2017 08:57:24 Europe/Paris] PHP Fatal error:  Call to undefined method base::__destruct() in /home/UNIV-LYON1/p1505963/public_html/S3/PHP/index.php on line 35
[03-Mar-2017 08:57:26 Europe/Paris] PHP Notice:  Use of undefined constant LABEL_IDENTIFIANT - assumed 'LABEL_IDENTIFIANT' in /home/UNIV-LYON1/p1505963/public_html/S3/PHP/Vue/menu.php on line 19
[03-Mar-2017 08:57:26 Europe/Paris] PHP Notice:  Use of undefined constant LABEL_PASSWORD - assumed 'LABEL_PASSWORD' in /home/UNIV-LYON1/p1505963/public_html/S3/PHP/Vue/menu.php on line 22
[03-Mar-2017 08:57:26 Europe/Paris] PHP Fatal error:  Call to undefined method base::__destruct() in /home/UNIV-LYON1/p1505963/public_html/S3/PHP/index.php on line 35
[03-Mar-2017 08:57:50 Europe/Paris] PHP Fatal error:  Call to undefined method base::__destruct() in /home/UNIV-LYON1/p1505963/public_html/S3/PHP/index.php on line 35
[03-Mar-2017 11:48:44 Europe/Paris] PHP Parse error:  syntax error, unexpected ':' in /home/UNIV-LYON1/p1505963/public_html/S3/PHP/Controller/login.php on line 34
[03-Mar-2017 11:49:14 Europe/Paris] PHP Parse error:  syntax error, unexpected ':' in /home/UNIV-LYON1/p1505963/public_html/S3/PHP/Controller/login.php on line 36
[03-Mar-2017 11:49:15 Europe/Paris] PHP Parse error:  syntax error, unexpected ':' in /home/UNIV-LYON1/p1505963/public_html/S3/PHP/Controller/login.php on line 36
[03-Mar-2017 11:49:47 Europe/Paris] PHP Notice:  Undefined variable: _SESSION in /home/UNIV-LYON1/p1505963/public_html/S3/PHP/Controller/login.php on line 6
[03-Mar-2017 11:49:50 Europe/Paris] PHP Notice:  Undefined variable: _SESSION in /home/UNIV-LYON1/p1505963/public_html/S3/PHP/Controller/login.php on line 6
[03-Mar-2017 11:49:50 Europe/Paris] PHP Notice:  Use of undefined constant PATH_FILE_PATH_CONTROLLER - assumed 'PATH_FILE_PATH_CONTROLLER' in /home/UNIV-LYON1/p1505963/public_html/S3/PHP/Controller/login.php on line 15
[03-Mar-2017 11:50:18 Europe/Paris] PHP Notice:  Undefined variable: _SESSION in /home/UNIV-LYON1/p1505963/public_html/S3/PHP/Controller/login.php on line 6
[03-Mar-2017 11:50:18 Europe/Paris] PHP Notice:  Use of undefined constant PATH_FILE - assumed 'PATH_FILE' in /home/UNIV-LYON1/p1505963/public_html/S3/PHP/Controller/login.php on line 15
[03-Mar-2017 11:50:20 Europe/Paris] PHP Notice:  Undefined variable: _SESSION in /home/UNIV-LYON1/p1505963/public_html/S3/PHP/Controller/login.php on line 6
[03-Mar-2017 11:50:20 Europe/Paris] PHP Notice:  Use of undefined constant PATH_FILE - assumed 'PATH_FILE' in /home/UNIV-LYON1/p1505963/public_html/S3/PHP/Controller/login.php on line 15
[03-Mar-2017 11:50:39 Europe/Paris] PHP Notice:  Undefined variable: _SESSION in /home/UNIV-LYON1/p1505963/public_html/S3/PHP/Controller/login.php on line 6
[03-Mar-2017 11:50:39 Europe/Paris] PHP Fatal error:  Call to undefined method base::isPassword() in /home/UNIV-LYON1/p1505963/public_html/S3/PHP/Controller/login.php on line 24
[03-Mar-2017 11:51:18 Europe/Paris] PHP Fatal error:  Call to undefined method base::isPassword() in /home/UNIV-LYON1/p1505963/public_html/S3/PHP/Controller/login.php on line 24
[03-Mar-2017 11:53:40 Europe/Paris] PHP Parse error:  syntax error, unexpected '{', expecting function (T_FUNCTION) in /home/UNIV-LYON1/p1505963/public_html/S3/PHP/Lib/base.php on line 33
